[ 2018-02-11T00:00:00+08:00 ] 192.168.2.143 /shop/App/Vip/index
INFO: [ app_init ] --START--
INFO: Run Behavior\BuildLiteBehavior [ RunTime:0.000000s ]
INFO: [ app_init ] --END-- [ RunTime:0.001000s ]
INFO: [ app_begin ] --START--
INFO: Run Behavior\ReadHtmlCacheBehavior [ RunTime:0.001000s ]
INFO: [ app_begin ] --END-- [ RunTime:0.001000s ]
SQL: SHOW COLUMNS FROM `wfx_set` [ RunTime:0.0050s ]
SQL: SELECT * FROM `wfx_set` LIMIT 1   [ RunTime:0.0000s ]
NOTIC: [8] Undefined index: ppid E:\xampp\htdocs\shop\Application\App\Controller\BaseController.class.php 第 31 行.
NOTIC: [8] Undefined index: employee E:\xampp\htdocs\shop\Application\App\Controller\BaseController.class.php 第 32 行.
SQL: SHOW COLUMNS FROM `wfx_vip` [ RunTime:0.0060s ]
SQL: SELECT * FROM `wfx_vip` WHERE `openid` = 'oojFxs9t26kSFP7PRR_ukn73KPq4' LIMIT 1   [ RunTime:0.0030s ]
SQL: SHOW COLUMNS FROM `wfx_vip_set` [ RunTime:0.0110s ]
SQL: SELECT * FROM `wfx_vip_set` LIMIT 1   [ RunTime:0.0010s ]
SQL: SHOW COLUMNS FROM `wfx_shop_set` [ RunTime:0.0080s ]
SQL: SELECT * FROM `wfx_shop_set` LIMIT 1   [ RunTime:0.0000s ]
NOTIC: [2048] Declaration of Common\Model\CashbackModel::add() should be compatible with Think\Model::add($data = '', $options = Array, $replace = false) E:\xampp\htdocs\shop\Application\Common\Model\CashbackModel.class.php 第 7 行.
SQL: SHOW COLUMNS FROM `wfx_cashback` [ RunTime:0.0060s ]
NOTIC: [8] Undefined index: limit E:\xampp\htdocs\shop\ThinkPHP\Library\Think\Db\Driver.class.php 第 950 行.
SQL: SELECT * FROM `wfx_cashback` WHERE `vip_id` = 513 ORDER BY id desc LIMIT 0,20   [ RunTime:0.0010s ]
SQL: SHOW COLUMNS FROM `wfx_vip_level` [ RunTime:0.0050s ]
SQL: SELECT `name` FROM `wfx_vip_level` WHERE ( id=1 ) LIMIT 1   [ RunTime:0.0010s ]
SQL: SHOW COLUMNS FROM `wfx_vip_monthexp` [ RunTime:0.0060s ]
SQL: SELECT * FROM `wfx_vip_monthexp` WHERE `month` = '2018-1' AND `vipid` = 513 LIMIT 1   [ RunTime:0.0010s ]
SQL: SHOW COLUMNS FROM `wfx_vip_message` [ RunTime:0.0050s ]
SQL: SELECT * FROM `wfx_vip_message`  [ RunTime:0.0000s ]
SQL: SELECT * FROM `wfx_vip_message` WHERE `id` IN ('','11')  [ RunTime:0.0010s ]
SQL: SHOW COLUMNS FROM `wfx_vip_log` [ RunTime:0.0070s ]
SQL: SELECT * FROM `wfx_vip_log` WHERE ( vipid=513 and type=5 )  [ RunTime:0.0010s ]
SQL: SELECT * FROM `wfx_vip` WHERE `id` = 513 LIMIT 1   [ RunTime:0.0000s ]
SQL: SHOW COLUMNS FROM `wfx_vip_card` [ RunTime:0.0050s ]
SQL: SELECT COUNT(*) AS tp_count FROM `wfx_vip_card` WHERE `etime` >= 1518278400 AND `vipid` = 513 AND `status` = 1 LIMIT 1   [ RunTime:0.0000s ]
SQL: SELECT * FROM `wfx_vip` WHERE ( id=0 ) LIMIT 1   [ RunTime:0.0000s ]
INFO: [ view_parse ] --START--
INFO: [ template_filter ] --START--
INFO: Run Behavior\ContentReplaceBehavior [ RunTime:0.000000s ]
INFO: [ template_filter ] --END-- [ RunTime:0.000000s ]
NOTIC: [8] Undefined variable: showfather E:\xampp\htdocs\shop\Application\Runtime\Cache\App\a18ac47877ff27f7f441cda9c1d7167a.php 第 61 行.
INFO: Run Behavior\ParseTemplateBehavior [ RunTime:0.011000s ]
INFO: [ view_parse ] --END-- [ RunTime:0.011000s ]
INFO: [ view_filter ] --START--
INFO: Run Behavior\WriteHtmlCacheBehavior [ RunTime:0.001000s ]
INFO: [ view_filter ] --END-- [ RunTime:0.001000s ]
INFO: [ app_end ] --START--
INFO: Run Behavior\ShowPageTraceBehavior [ RunTime:0.000000s ]
INFO: [ app_end ] --END-- [ RunTime:0.001000s ]

[ 2018-02-11T00:00:13+08:00 ] 192.168.2.143 /shop/App/Fx/index
INFO: [ app_init ] --START--
INFO: Run Behavior\BuildLiteBehavior [ RunTime:0.000000s ]
INFO: [ app_init ] --END-- [ RunTime:0.001000s ]
INFO: [ app_begin ] --START--
INFO: Run Behavior\ReadHtmlCacheBehavior [ RunTime:0.000000s ]
INFO: [ app_begin ] --END-- [ RunTime:0.000000s ]
SQL: SHOW COLUMNS FROM `wfx_set` [ RunTime:0.0060s ]
SQL: SELECT * FROM `wfx_set` LIMIT 1   [ RunTime:0.0000s ]
NOTIC: [8] Undefined index: ppid E:\xampp\htdocs\shop\Application\App\Controller\BaseController.class.php 第 31 行.
NOTIC: [8] Undefined index: employee E:\xampp\htdocs\shop\Application\App\Controller\BaseController.class.php 第 32 行.
SQL: SHOW COLUMNS FROM `wfx_vip` [ RunTime:0.0060s ]
SQL: SELECT * FROM `wfx_vip` WHERE `openid` = 'oojFxs9t26kSFP7PRR_ukn73KPq4' LIMIT 1   [ RunTime:0.0030s ]
SQL: SHOW COLUMNS FROM `wfx_vip_set` [ RunTime:0.0070s ]
SQL: SELECT * FROM `wfx_vip_set` LIMIT 1   [ RunTime:0.0000s ]
SQL: SHOW COLUMNS FROM `wfx_shop_set` [ RunTime:0.0050s ]
SQL: SELECT * FROM `wfx_shop_set` LIMIT 1   [ RunTime:0.0010s ]
SQL: SELECT `id`,`plv`,`path`,`nickname` FROM `wfx_vip` WHERE `plv` = 2 AND `path` = '0-513'  [ RunTime:0.0010s ]
SQL: SELECT `id`,`plv`,`path`,`nickname` FROM `wfx_vip` WHERE `plv` <= 4 AND `path` LIKE '0-513-%'  [ RunTime:0.0010s ]
NOTIC: [8] Undefined offset: 2 E:\xampp\htdocs\shop\Application\App\Controller\FxController.class.php 第 69 行.
NOTIC: [8] Undefined offset: 3 E:\xampp\htdocs\shop\Application\App\Controller\FxController.class.php 第 69 行.
SQL: SHOW COLUMNS FROM `wfx_shop_set` [ RunTime:0.0060s ]
SQL: SELECT * FROM `wfx_shop_set` LIMIT 1   [ RunTime:0.0000s ]
SQL: SHOW COLUMNS FROM `wfx_shop_order` [ RunTime:0.0060s ]
SQL: SELECT SUM(payprice) AS tp_sum FROM `wfx_shop_order` WHERE `ispay` = 1 AND `status` IN ('2','3') AND `vipid` IN ('515','516','') LIMIT 1   [ RunTime:0.0000s ]
SQL: SELECT `id` FROM `wfx_shop_order` WHERE `ispay` = 1 AND `status` IN ('2','3') AND `vipid` IN ('515','516','')  [ RunTime:0.0000s ]
SQL: SHOW COLUMNS FROM `wfx_shop_order` [ RunTime:0.0060s ]
SQL: SELECT * FROM `wfx_shop_order` WHERE `id` IN ('66')  [ RunTime:0.0010s ]
SQL: SHOW COLUMNS FROM `wfx_shop_goods` [ RunTime:0.0060s ]
SQL: SELECT * FROM `wfx_shop_goods`  [ RunTime:0.0010s ]
SQL: SELECT SUM(payprice) AS tp_sum FROM `wfx_shop_order` WHERE `ispay` = 1 AND `status` IN ('2','3') AND `vipid` IN ('517','') LIMIT 1   [ RunTime:0.0000s ]
SQL: SELECT `id` FROM `wfx_shop_order` WHERE `ispay` = 1 AND `status` IN ('2','3') AND `vipid` IN ('517','')  [ RunTime:0.0010s ]
SQL: SELECT * FROM `wfx_shop_order` WHERE `id` IN ('218')  [ RunTime:0.0010s ]
SQL: SELECT * FROM `wfx_shop_goods`  [ RunTime:0.0010s ]
NOTIC: [8] Undefined offset: 2 E:\xampp\htdocs\shop\Application\App\Controller\FxController.class.php 第 124 行.
SQL: SELECT SUM(payprice) AS tp_sum FROM `wfx_shop_order` WHERE `ispay` = 1 AND `status` IN ('2','3') AND `vipid` IN ('-10000000000') LIMIT 1   [ RunTime:0.0000s ]
SQL: SELECT `id` FROM `wfx_shop_order` WHERE `ispay` = 1 AND `status` IN ('2','3') AND `vipid` IN ('-10000000000')  [ RunTime:0.0000s ]
SQL: SHOW COLUMNS FROM `wfx_vip_tx` [ RunTime:0.0060s ]
SQL: SELECT SUM(txprice) AS tp_sum FROM `wfx_vip_tx` WHERE `vipid` = 513 AND `status` = 1 LIMIT 1   [ RunTime:0.0000s ]
INFO: [ view_parse ] --START--
INFO: [ template_filter ] --START--
INFO: Run Behavior\ContentReplaceBehavior [ RunTime:0.001000s ]
INFO: [ template_filter ] --END-- [ RunTime:0.001000s ]
NOTIC: [8] Undefined variable: 0 E:\xampp\htdocs\shop\Application\Runtime\Cache\App\4b548cb4cbfaf090194a1aa7315c304c.php 第 94 行.
INFO: Run Behavior\ParseTemplateBehavior [ RunTime:0.010000s ]
INFO: [ view_parse ] --END-- [ RunTime:0.010000s ]
INFO: [ view_filter ] --START--
INFO: Run Behavior\WriteHtmlCacheBehavior [ RunTime:0.001000s ]
INFO: [ view_filter ] --END-- [ RunTime:0.001000s ]
INFO: [ app_end ] --START--
INFO: Run Behavior\ShowPageTraceBehavior [ RunTime:0.001000s ]
INFO: [ app_end ] --END-- [ RunTime:0.001000s ]

[ 2018-02-11T00:07:22+08:00 ] 192.168.2.143 /shop/App/Vip/index
INFO: [ app_init ] --START--
INFO: Run Behavior\BuildLiteBehavior [ RunTime:0.000000s ]
INFO: [ app_init ] --END-- [ RunTime:0.001000s ]
INFO: [ app_begin ] --START--
INFO: Run Behavior\ReadHtmlCacheBehavior [ RunTime:0.001001s ]
INFO: [ app_begin ] --END-- [ RunTime:0.001001s ]
SQL: SHOW COLUMNS FROM `wfx_set` [ RunTime:0.0050s ]
SQL: SELECT * FROM `wfx_set` LIMIT 1   [ RunTime:0.0010s ]
NOTIC: [8] Undefined index: ppid E:\xampp\htdocs\shop\Application\App\Controller\BaseController.class.php 第 31 行.
NOTIC: [8] Undefined index: employee E:\xampp\htdocs\shop\Application\App\Controller\BaseController.class.php 第 32 行.
SQL: SHOW COLUMNS FROM `wfx_vip` [ RunTime:0.0050s ]
SQL: SELECT * FROM `wfx_vip` WHERE `openid` = 'oojFxs9t26kSFP7PRR_ukn73KPq4' LIMIT 1   [ RunTime:0.0020s ]
SQL: SHOW COLUMNS FROM `wfx_vip_set` [ RunTime:0.0050s ]
SQL: SELECT * FROM `wfx_vip_set` LIMIT 1   [ RunTime:0.0010s ]
SQL: SHOW COLUMNS FROM `wfx_shop_set` [ RunTime:0.0060s ]
SQL: SELECT * FROM `wfx_shop_set` LIMIT 1   [ RunTime:0.0000s ]
NOTIC: [2048] Declaration of Common\Model\CashbackModel::add() should be compatible with Think\Model::add($data = '', $options = Array, $replace = false) E:\xampp\htdocs\shop\Application\Common\Model\CashbackModel.class.php 第 7 行.
SQL: SHOW COLUMNS FROM `wfx_cashback` [ RunTime:0.0060s ]
NOTIC: [8] Undefined index: limit E:\xampp\htdocs\shop\ThinkPHP\Library\Think\Db\Driver.class.php 第 950 行.
SQL: SELECT * FROM `wfx_cashback` WHERE `vip_id` = 513 ORDER BY id desc LIMIT 0,20   [ RunTime:0.0010s ]
SQL: SHOW COLUMNS FROM `wfx_vip_level` [ RunTime:0.0050s ]
SQL: SELECT `name` FROM `wfx_vip_level` WHERE ( id=1 ) LIMIT 1   [ RunTime:0.0000s ]
SQL: SHOW COLUMNS FROM `wfx_vip_monthexp` [ RunTime:0.0050s ]
SQL: SELECT * FROM `wfx_vip_monthexp` WHERE `month` = '2018-1' AND `vipid` = 513 LIMIT 1   [ RunTime:0.0010s ]
SQL: SHOW COLUMNS FROM `wfx_vip_message` [ RunTime:0.0050s ]
SQL: SELECT * FROM `wfx_vip_message`  [ RunTime:0.0010s ]
SQL: SELECT * FROM `wfx_vip_message` WHERE `id` IN ('','11')  [ RunTime:0.0000s ]
SQL: SHOW COLUMNS FROM `wfx_vip_log` [ RunTime:0.0060s ]
SQL: SELECT * FROM `wfx_vip_log` WHERE ( vipid=513 and type=5 )  [ RunTime:0.0010s ]
SQL: SELECT * FROM `wfx_vip` WHERE `id` = 513 LIMIT 1   [ RunTime:0.0000s ]
SQL: SHOW COLUMNS FROM `wfx_vip_card` [ RunTime:0.0060s ]
SQL: SELECT COUNT(*) AS tp_count FROM `wfx_vip_card` WHERE `etime` >= 1518278400 AND `vipid` = 513 AND `status` = 1 LIMIT 1   [ RunTime:0.0000s ]
SQL: SELECT * FROM `wfx_vip` WHERE ( id=0 ) LIMIT 1   [ RunTime:0.0010s ]
INFO: [ view_parse ] --START--
INFO: [ template_filter ] --START--
INFO: Run Behavior\ContentReplaceBehavior [ RunTime:0.000000s ]
INFO: [ template_filter ] --END-- [ RunTime:0.000000s ]
NOTIC: [8] Undefined variable: showfather E:\xampp\htdocs\shop\Application\Runtime\Cache\App\a18ac47877ff27f7f441cda9c1d7167a.php 第 61 行.
INFO: Run Behavior\ParseTemplateBehavior [ RunTime:0.012001s ]
INFO: [ view_parse ] --END-- [ RunTime:0.012001s ]
INFO: [ view_filter ] --START--
INFO: Run Behavior\WriteHtmlCacheBehavior [ RunTime:0.001000s ]
INFO: [ view_filter ] --END-- [ RunTime:0.001000s ]
INFO: [ app_end ] --START--
INFO: Run Behavior\ShowPageTraceBehavior [ RunTime:0.001000s ]
INFO: [ app_end ] --END-- [ RunTime:0.001000s ]

[ 2018-02-11T00:07:25+08:00 ] 192.168.2.143 /shop/App/Vip/index
INFO: [ app_init ] --START--
INFO: Run Behavior\BuildLiteBehavior [ RunTime:0.000000s ]
INFO: [ app_init ] --END-- [ RunTime:0.000000s ]
INFO: [ app_begin ] --START--
INFO: Run Behavior\ReadHtmlCacheBehavior [ RunTime:0.001000s ]
INFO: [ app_begin ] --END-- [ RunTime:0.001000s ]
SQL: SHOW COLUMNS FROM `wfx_set` [ RunTime:0.0050s ]
SQL: SELECT * FROM `wfx_set` LIMIT 1   [ RunTime:0.0010s ]
NOTIC: [8] Undefined index: ppid E:\xampp\htdocs\shop\Application\App\Controller\BaseController.class.php 第 31 行.
NOTIC: [8] Undefined index: employee E:\xampp\htdocs\shop\Application\App\Controller\BaseController.class.php 第 32 行.
SQL: SHOW COLUMNS FROM `wfx_vip` [ RunTime:0.0050s ]
SQL: SELECT * FROM `wfx_vip` WHERE `openid` = 'oojFxs9t26kSFP7PRR_ukn73KPq4' LIMIT 1   [ RunTime:0.0010s ]
SQL: SHOW COLUMNS FROM `wfx_vip_set` [ RunTime:0.0050s ]
SQL: SELECT * FROM `wfx_vip_set` LIMIT 1   [ RunTime:0.0010s ]
SQL: SHOW COLUMNS FROM `wfx_shop_set` [ RunTime:0.0050s ]
SQL: SELECT * FROM `wfx_shop_set` LIMIT 1   [ RunTime:0.0000s ]
NOTIC: [2048] Declaration of Common\Model\CashbackModel::add() should be compatible with Think\Model::add($data = '', $options = Array, $replace = false) E:\xampp\htdocs\shop\Application\Common\Model\CashbackModel.class.php 第 7 行.
SQL: SHOW COLUMNS FROM `wfx_cashback` [ RunTime:0.0060s ]
NOTIC: [8] Undefined index: limit E:\xampp\htdocs\shop\ThinkPHP\Library\Think\Db\Driver.class.php 第 950 行.
SQL: SELECT * FROM `wfx_cashback` WHERE `vip_id` = 513 ORDER BY id desc LIMIT 0,20   [ RunTime:0.0000s ]
SQL: SHOW COLUMNS FROM `wfx_vip_level` [ RunTime:0.0040s ]
SQL: SELECT `name` FROM `wfx_vip_level` WHERE ( id=1 ) LIMIT 1   [ RunTime:0.0000s ]
SQL: SHOW COLUMNS FROM `wfx_vip_monthexp` [ RunTime:0.0050s ]
SQL: SELECT * FROM `wfx_vip_monthexp` WHERE `month` = '2018-1' AND `vipid` = 513 LIMIT 1   [ RunTime:0.0000s ]
SQL: SHOW COLUMNS FROM `wfx_vip_message` [ RunTime:0.0050s ]
SQL: SELECT * FROM `wfx_vip_message`  [ RunTime:0.0010s ]
SQL: SELECT * FROM `wfx_vip_message` WHERE `id` IN ('','11')  [ RunTime:0.0000s ]
SQL: SHOW COLUMNS FROM `wfx_vip_log` [ RunTime:0.0050s ]
SQL: SELECT * FROM `wfx_vip_log` WHERE ( vipid=513 and type=5 )  [ RunTime:0.0020s ]
SQL: SELECT * FROM `wfx_vip` WHERE `id` = 513 LIMIT 1   [ RunTime:0.0000s ]
SQL: SHOW COLUMNS FROM `wfx_vip_card` [ RunTime:0.0050s ]
SQL: SELECT COUNT(*) AS tp_count FROM `wfx_vip_card` WHERE `etime` >= 1518278400 AND `vipid` = 513 AND `status` = 1 LIMIT 1   [ RunTime:0.0000s ]
SQL: SELECT * FROM `wfx_vip` WHERE ( id=0 ) LIMIT 1   [ RunTime:0.0000s ]
INFO: [ view_parse ] --START--
INFO: [ template_filter ] --START--
INFO: Run Behavior\ContentReplaceBehavior [ RunTime:0.000000s ]
INFO: [ template_filter ] --END-- [ RunTime:0.000000s ]
NOTIC: [8] Undefined variable: showfather E:\xampp\htdocs\shop\Application\Runtime\Cache\App\a18ac47877ff27f7f441cda9c1d7167a.php 第 61 行.
INFO: Run Behavior\ParseTemplateBehavior [ RunTime:0.010000s ]
INFO: [ view_parse ] --END-- [ RunTime:0.011000s ]
INFO: [ view_filter ] --START--
INFO: Run Behavior\WriteHtmlCacheBehavior [ RunTime:0.001000s ]
INFO: [ view_filter ] --END-- [ RunTime:0.001000s ]
INFO: [ app_end ] --START--
INFO: Run Behavior\ShowPageTraceBehavior [ RunTime:0.001000s ]
INFO: [ app_end ] --END-- [ RunTime:0.001000s ]

[ 2018-02-11T00:07:29+08:00 ] 192.168.2.143 /shop/App/Fx/index
INFO: [ app_init ] --START--
INFO: Run Behavior\BuildLiteBehavior [ RunTime:0.000000s ]
INFO: [ app_init ] --END-- [ RunTime:0.001000s ]
INFO: [ app_begin ] --START--
INFO: Run Behavior\ReadHtmlCacheBehavior [ RunTime:0.001000s ]
INFO: [ app_begin ] --END-- [ RunTime:0.001000s ]
SQL: SHOW COLUMNS FROM `wfx_set` [ RunTime:0.0050s ]
SQL: SELECT * FROM `wfx_set` LIMIT 1   [ RunTime:0.0000s ]
NOTIC: [8] Undefined index: ppid E:\xampp\htdocs\shop\Application\App\Controller\BaseController.class.php 第 31 行.
NOTIC: [8] Undefined index: employee E:\xampp\htdocs\shop\Application\App\Controller\BaseController.class.php 第 32 行.
SQL: SHOW COLUMNS FROM `wfx_vip` [ RunTime:0.0060s ]
SQL: SELECT * FROM `wfx_vip` WHERE `openid` = 'oojFxs9t26kSFP7PRR_ukn73KPq4' LIMIT 1   [ RunTime:0.0020s ]
SQL: SHOW COLUMNS FROM `wfx_vip_set` [ RunTime:0.0050s ]
SQL: SELECT * FROM `wfx_vip_set` LIMIT 1   [ RunTime:0.0010s ]
SQL: SHOW COLUMNS FROM `wfx_shop_set` [ RunTime:0.0050s ]
SQL: SELECT * FROM `wfx_shop_set` LIMIT 1   [ RunTime:0.0010s ]
SQL: SELECT `id`,`plv`,`path`,`nickname` FROM `wfx_vip` WHERE `plv` = 2 AND `path` = '0-513'  [ RunTime:0.0010s ]
SQL: SELECT `id`,`plv`,`path`,`nickname` FROM `wfx_vip` WHERE `plv` <= 4 AND `path` LIKE '0-513-%'  [ RunTime:0.0010s ]
NOTIC: [8] Undefined offset: 2 E:\xampp\htdocs\shop\Application\App\Controller\FxController.class.php 第 69 行.
NOTIC: [8] Undefined offset: 3 E:\xampp\htdocs\shop\Application\App\Controller\FxController.class.php 第 69 行.
SQL: SHOW COLUMNS FROM `wfx_shop_set` [ RunTime:0.0050s ]
SQL: SELECT * FROM `wfx_shop_set` LIMIT 1   [ RunTime:0.0000s ]
SQL: SHOW COLUMNS FROM `wfx_shop_order` [ RunTime:0.0050s ]
SQL: SELECT SUM(payprice) AS tp_sum FROM `wfx_shop_order` WHERE `ispay` = 1 AND `status` IN ('2','3') AND `vipid` IN ('515','516','') LIMIT 1   [ RunTime:0.0010s ]
SQL: SELECT `id` FROM `wfx_shop_order` WHERE `ispay` = 1 AND `status` IN ('2','3') AND `vipid` IN ('515','516','')  [ RunTime:0.0000s ]
SQL: SELECT SUM(payprice) AS tp_sum FROM `wfx_shop_order` WHERE `ispay` = 1 AND `status` IN ('2','3') AND `vipid` IN ('517','') LIMIT 1   [ RunTime:0.0000s ]
SQL: SELECT `id` FROM `wfx_shop_order` WHERE `ispay` = 1 AND `status` IN ('2','3') AND `vipid` IN ('517','')  [ RunTime:0.0000s ]
SQL: SHOW COLUMNS FROM `wfx_shop_order` [ RunTime:0.0070s ]
SQL: SELECT * FROM `wfx_shop_order` WHERE `id` IN ('218')  [ RunTime:0.0010s ]
SQL: SHOW COLUMNS FROM `wfx_shop_goods` [ RunTime:0.0050s ]
SQL: SELECT * FROM `wfx_shop_goods`  [ RunTime:0.0000s ]
NOTIC: [8] Undefined offset: 2 E:\xampp\htdocs\shop\Application\App\Controller\FxController.class.php 第 124 行.
SQL: SELECT SUM(payprice) AS tp_sum FROM `wfx_shop_order` WHERE `ispay` = 1 AND `status` IN ('2','3') AND `vipid` IN ('-10000000000') LIMIT 1   [ RunTime:0.0010s ]
SQL: SELECT `id` FROM `wfx_shop_order` WHERE `ispay` = 1 AND `status` IN ('2','3') AND `vipid` IN ('-10000000000')  [ RunTime:0.0000s ]
SQL: SHOW COLUMNS FROM `wfx_vip_tx` [ RunTime:0.0050s ]
SQL: SELECT SUM(txprice) AS tp_sum FROM `wfx_vip_tx` WHERE `vipid` = 513 AND `status` = 1 LIMIT 1   [ RunTime:0.0000s ]
INFO: [ view_parse ] --START--
INFO: [ template_filter ] --START--
INFO: Run Behavior\ContentReplaceBehavior [ RunTime:0.000000s ]
INFO: [ template_filter ] --END-- [ RunTime:0.000000s ]
NOTIC: [8] Undefined variable: 0 E:\xampp\htdocs\shop\Application\Runtime\Cache\App\4b548cb4cbfaf090194a1aa7315c304c.php 第 94 行.
INFO: Run Behavior\ParseTemplateBehavior [ RunTime:0.011001s ]
INFO: [ view_parse ] --END-- [ RunTime:0.011001s ]
INFO: [ view_filter ] --START--
INFO: Run Behavior\WriteHtmlCacheBehavior [ RunTime:0.001000s ]
INFO: [ view_filter ] --END-- [ RunTime:0.001000s ]
INFO: [ app_end ] --START--
INFO: Run Behavior\ShowPageTraceBehavior [ RunTime:0.001000s ]
INFO: [ app_end ] --END-- [ RunTime:0.001000s ]

[ 2018-02-11T00:07:39+08:00 ] 192.168.2.143 /shop/App/Fx/dslog
INFO: [ app_init ] --START--
INFO: Run Behavior\BuildLiteBehavior [ RunTime:0.000000s ]
INFO: [ app_init ] --END-- [ RunTime:0.000000s ]
INFO: [ app_begin ] --START--
INFO: Run Behavior\ReadHtmlCacheBehavior [ RunTime:0.001000s ]
INFO: [ app_begin ] --END-- [ RunTime:0.001000s ]
SQL: SHOW COLUMNS FROM `wfx_set` [ RunTime:0.0060s ]
SQL: SELECT * FROM `wfx_set` LIMIT 1   [ RunTime:0.0010s ]
NOTIC: [8] Undefined index: ppid E:\xampp\htdocs\shop\Application\App\Controller\BaseController.class.php 第 31 行.
NOTIC: [8] Undefined index: employee E:\xampp\htdocs\shop\Application\App\Controller\BaseController.class.php 第 32 行.
SQL: SHOW COLUMNS FROM `wfx_vip` [ RunTime:0.0060s ]
SQL: SELECT * FROM `wfx_vip` WHERE `openid` = 'oojFxs9t26kSFP7PRR_ukn73KPq4' LIMIT 1   [ RunTime:0.0020s ]
SQL: SHOW COLUMNS FROM `wfx_vip_set` [ RunTime:0.0050s ]
SQL: SELECT * FROM `wfx_vip_set` LIMIT 1   [ RunTime:0.0000s ]
SQL: SHOW COLUMNS FROM `wfx_shop_set` [ RunTime:0.0050s ]
SQL: SELECT * FROM `wfx_shop_set` LIMIT 1   [ RunTime:0.0010s ]
SQL: SHOW COLUMNS FROM `wfx_fx_dslog` [ RunTime:0.0050s ]
SQL: SELECT * FROM `wfx_fx_dslog` WHERE `to` = 513 AND `status` = 1 ORDER BY ctime desc LIMIT 50   [ RunTime:0.0010s ]
INFO: [ view_parse ] --START--
INFO: [ template_filter ] --START--
INFO: Run Behavior\ContentReplaceBehavior [ RunTime:0.000000s ]
INFO: [ template_filter ] --END-- [ RunTime:0.000000s ]
INFO: Run Behavior\ParseTemplateBehavior [ RunTime:0.009001s ]
INFO: [ view_parse ] --END-- [ RunTime:0.009001s ]
INFO: [ view_filter ] --START--
INFO: Run Behavior\WriteHtmlCacheBehavior [ RunTime:0.000000s ]
INFO: [ view_filter ] --END-- [ RunTime:0.000000s ]
INFO: [ app_end ] --START--
INFO: Run Behavior\ShowPageTraceBehavior [ RunTime:0.001000s ]
INFO: [ app_end ] --END-- [ RunTime:0.001000s ]

[ 2018-02-11T00:07:40+08:00 ] 192.168.2.143 /shop/App/Fx/index
INFO: [ app_init ] --START--
INFO: Run Behavior\BuildLiteBehavior [ RunTime:0.000000s ]
INFO: [ app_init ] --END-- [ RunTime:0.000000s ]
INFO: [ app_begin ] --START--
INFO: Run Behavior\ReadHtmlCacheBehavior [ RunTime:0.001000s ]
INFO: [ app_begin ] --END-- [ RunTime:0.001000s ]
SQL: SHOW COLUMNS FROM `wfx_set` [ RunTime:0.0050s ]
SQL: SELECT * FROM `wfx_set` LIMIT 1   [ RunTime:0.0010s ]
NOTIC: [8] Undefined index: ppid E:\xampp\htdocs\shop\Application\App\Controller\BaseController.class.php 第 31 行.
NOTIC: [8] Undefined index: employee E:\xampp\htdocs\shop\Application\App\Controller\BaseController.class.php 第 32 行.
SQL: SHOW COLUMNS FROM `wfx_vip` [ RunTime:0.0060s ]
SQL: SELECT * FROM `wfx_vip` WHERE `openid` = 'oojFxs9t26kSFP7PRR_ukn73KPq4' LIMIT 1   [ RunTime:0.0020s ]
SQL: SHOW COLUMNS FROM `wfx_vip_set` [ RunTime:0.0060s ]
SQL: SELECT * FROM `wfx_vip_set` LIMIT 1   [ RunTime:0.0000s ]
SQL: SHOW COLUMNS FROM `wfx_shop_set` [ RunTime:0.0060s ]
SQL: SELECT * FROM `wfx_shop_set` LIMIT 1   [ RunTime:0.0010s ]
SQL: SELECT `id`,`plv`,`path`,`nickname` FROM `wfx_vip` WHERE `plv` = 2 AND `path` = '0-513'  [ RunTime:0.0020s ]
SQL: SELECT `id`,`plv`,`path`,`nickname` FROM `wfx_vip` WHERE `plv` <= 4 AND `path` LIKE '0-513-%'  [ RunTime:0.0020s ]
NOTIC: [8] Undefined offset: 2 E:\xampp\htdocs\shop\Application\App\Controller\FxController.class.php 第 69 行.
NOTIC: [8] Undefined offset: 3 E:\xampp\htdocs\shop\Application\App\Controller\FxController.class.php 第 69 行.
SQL: SHOW COLUMNS FROM `wfx_shop_set` [ RunTime:0.0050s ]
SQL: SELECT * FROM `wfx_shop_set` LIMIT 1   [ RunTime:0.0000s ]
SQL: SHOW COLUMNS FROM `wfx_shop_order` [ RunTime:0.0060s ]
SQL: SELECT SUM(payprice) AS tp_sum FROM `wfx_shop_order` WHERE `ispay` = 1 AND `status` IN ('2','3') AND `vipid` IN ('515','516','') LIMIT 1   [ RunTime:0.0010s ]
SQL: SELECT `id` FROM `wfx_shop_order` WHERE `ispay` = 1 AND `status` IN ('2','3') AND `vipid` IN ('515','516','')  [ RunTime:0.0000s ]
SQL: SELECT SUM(payprice) AS tp_sum FROM `wfx_shop_order` WHERE `ispay` = 1 AND `status` IN ('2','3') AND `vipid` IN ('517','') LIMIT 1   [ RunTime:0.0010s ]
SQL: SELECT `id` FROM `wfx_shop_order` WHERE `ispay` = 1 AND `status` IN ('2','3') AND `vipid` IN ('517','')  [ RunTime:0.0000s ]
SQL: SHOW COLUMNS FROM `wfx_shop_order` [ RunTime:0.0060s ]
SQL: SELECT * FROM `wfx_shop_order` WHERE `id` IN ('218')  [ RunTime:0.0010s ]
SQL: SHOW COLUMNS FROM `wfx_shop_goods` [ RunTime:0.0050s ]
SQL: SELECT * FROM `wfx_shop_goods`  [ RunTime:0.0000s ]
NOTIC: [8] Undefined offset: 2 E:\xampp\htdocs\shop\Application\App\Controller\FxController.class.php 第 124 行.
SQL: SELECT SUM(payprice) AS tp_sum FROM `wfx_shop_order` WHERE `ispay` = 1 AND `status` IN ('2','3') AND `vipid` IN ('-10000000000') LIMIT 1   [ RunTime:0.0010s ]
SQL: SELECT `id` FROM `wfx_shop_order` WHERE `ispay` = 1 AND `status` IN ('2','3') AND `vipid` IN ('-10000000000')  [ RunTime:0.0000s ]
SQL: SHOW COLUMNS FROM `wfx_vip_tx` [ RunTime:0.0060s ]
SQL: SELECT SUM(txprice) AS tp_sum FROM `wfx_vip_tx` WHERE `vipid` = 513 AND `status` = 1 LIMIT 1   [ RunTime:0.0010s ]
INFO: [ view_parse ] --START--
INFO: [ template_filter ] --START--
INFO: Run Behavior\ContentReplaceBehavior [ RunTime:0.000000s ]
INFO: [ template_filter ] --END-- [ RunTime:0.000000s ]
NOTIC: [8] Undefined variable: 0 E:\xampp\htdocs\shop\Application\Runtime\Cache\App\4b548cb4cbfaf090194a1aa7315c304c.php 第 94 行.
INFO: Run Behavior\ParseTemplateBehavior [ RunTime:0.010000s ]
INFO: [ view_parse ] --END-- [ RunTime:0.010000s ]
INFO: [ view_filter ] --START--
INFO: Run Behavior\WriteHtmlCacheBehavior [ RunTime:0.001000s ]
INFO: [ view_filter ] --END-- [ RunTime:0.001000s ]
INFO: [ app_end ] --START--
INFO: Run Behavior\ShowPageTraceBehavior [ RunTime:0.000000s ]
INFO: [ app_end ] --END-- [ RunTime:0.000000s ]

[ 2018-02-11T00:08:41+08:00 ] 192.168.2.143 /shop/App/Vip/index
INFO: [ app_init ] --START--
INFO: Run Behavior\BuildLiteBehavior [ RunTime:0.000000s ]
INFO: [ app_init ] --END-- [ RunTime:0.000000s ]
INFO: [ app_begin ] --START--
INFO: Run Behavior\ReadHtmlCacheBehavior [ RunTime:0.001001s ]
INFO: [ app_begin ] --END-- [ RunTime:0.001001s ]
SQL: SHOW COLUMNS FROM `wfx_set` [ RunTime:0.0050s ]
SQL: SELECT * FROM `wfx_set` LIMIT 1   [ RunTime:0.0000s ]
NOTIC: [8] Undefined index: ppid E:\xampp\htdocs\shop\Application\App\Controller\BaseController.class.php 第 31 行.
NOTIC: [8] Undefined index: employee E:\xampp\htdocs\shop\Application\App\Controller\BaseController.class.php 第 32 行.
SQL: SHOW COLUMNS FROM `wfx_vip` [ RunTime:0.0050s ]
SQL: SELECT * FROM `wfx_vip` WHERE `openid` = 'oojFxs9t26kSFP7PRR_ukn73KPq4' LIMIT 1   [ RunTime:0.0010s ]
SQL: SHOW COLUMNS FROM `wfx_vip_set` [ RunTime:0.0060s ]
SQL: SELECT * FROM `wfx_vip_set` LIMIT 1   [ RunTime:0.0000s ]
SQL: SHOW COLUMNS FROM `wfx_shop_set` [ RunTime:0.0060s ]
SQL: SELECT * FROM `wfx_shop_set` LIMIT 1   [ RunTime:0.0000s ]
NOTIC: [2048] Declaration of Common\Model\CashbackModel::add() should be compatible with Think\Model::add($data = '', $options = Array, $replace = false) E:\xampp\htdocs\shop\Application\Common\Model\CashbackModel.class.php 第 7 行.
SQL: SHOW COLUMNS FROM `wfx_cashback` [ RunTime:0.0050s ]
NOTIC: [8] Undefined index: limit E:\xampp\htdocs\shop\ThinkPHP\Library\Think\Db\Driver.class.php 第 950 行.
SQL: SELECT * FROM `wfx_cashback` WHERE `vip_id` = 513 ORDER BY id desc LIMIT 0,20   [ RunTime:0.0000s ]
SQL: SHOW COLUMNS FROM `wfx_vip_level` [ RunTime:0.0060s ]
SQL: SELECT `name` FROM `wfx_vip_level` WHERE ( id=1 ) LIMIT 1   [ RunTime:0.0000s ]
SQL: SHOW COLUMNS FROM `wfx_vip_monthexp` [ RunTime:0.0050s ]
SQL: SELECT * FROM `wfx_vip_monthexp` WHERE `month` = '2018-1' AND `vipid` = 513 LIMIT 1   [ RunTime:0.0000s ]
SQL: SHOW COLUMNS FROM `wfx_vip_message` [ RunTime:0.0070s ]
SQL: SELECT * FROM `wfx_vip_message`  [ RunTime:0.0000s ]
SQL: SELECT * FROM `wfx_vip_message` WHERE `id` IN ('','11')  [ RunTime:0.0000s ]
SQL: SHOW COLUMNS FROM `wfx_vip_log` [ RunTime:0.0060s ]
SQL: SELECT * FROM `wfx_vip_log` WHERE ( vipid=513 and type=5 )  [ RunTime:0.0010s ]
SQL: SELECT * FROM `wfx_vip` WHERE `id` = 513 LIMIT 1   [ RunTime:0.0000s ]
SQL: SHOW COLUMNS FROM `wfx_vip_card` [ RunTime:0.0060s ]
SQL: SELECT COUNT(*) AS tp_count FROM `wfx_vip_card` WHERE `etime` >= 1518278400 AND `vipid` = 513 AND `status` = 1 LIMIT 1   [ RunTime:0.0010s ]
SQL: SELECT * FROM `wfx_vip` WHERE ( id=0 ) LIMIT 1   [ RunTime:0.0000s ]
INFO: [ view_parse ] --START--
INFO: [ template_filter ] --START--
INFO: Run Behavior\ContentReplaceBehavior [ RunTime:0.000000s ]
INFO: [ template_filter ] --END-- [ RunTime:0.000000s ]
NOTIC: [8] Undefined variable: showfather E:\xampp\htdocs\shop\Application\Runtime\Cache\App\a18ac47877ff27f7f441cda9c1d7167a.php 第 61 行.
INFO: Run Behavior\ParseTemplateBehavior [ RunTime:0.012001s ]
INFO: [ view_parse ] --END-- [ RunTime:0.012001s ]
INFO: [ view_filter ] --START--
INFO: Run Behavior\WriteHtmlCacheBehavior [ RunTime:0.000000s ]
INFO: [ view_filter ] --END-- [ RunTime:0.000000s ]
INFO: [ app_end ] --START--
INFO: Run Behavior\ShowPageTraceBehavior [ RunTime:0.001000s ]
INFO: [ app_end ] --END-- [ RunTime:0.001000s ]

[ 2018-02-11T00:08:43+08:00 ] 192.168.2.143 /shop/App/Shop/index
INFO: [ app_init ] --START--
INFO: Run Behavior\BuildLiteBehavior [ RunTime:0.000000s ]
INFO: [ app_init ] --END-- [ RunTime:0.000000s ]
INFO: [ app_begin ] --START--
INFO: Run Behavior\ReadHtmlCacheBehavior [ RunTime:0.001000s ]
INFO: [ app_begin ] --END-- [ RunTime:0.001000s ]
SQL: SHOW COLUMNS FROM `wfx_set` [ RunTime:0.0050s ]
SQL: SELECT * FROM `wfx_set` LIMIT 1   [ RunTime:0.0010s ]
NOTIC: [8] Undefined index: ppid E:\xampp\htdocs\shop\Application\App\Controller\BaseController.class.php 第 31 行.
NOTIC: [8] Undefined index: employee E:\xampp\htdocs\shop\Application\App\Controller\BaseController.class.php 第 32 行.
SQL: SHOW COLUMNS FROM `wfx_vip` [ RunTime:0.0050s ]
SQL: SELECT * FROM `wfx_vip` WHERE `openid` = 'oojFxs9t26kSFP7PRR_ukn73KPq4' LIMIT 1   [ RunTime:0.0020s ]
NOTIC: [8] Undefined index: ppid E:\xampp\htdocs\shop\Application\App\Controller\BaseController.class.php 第 129 行.

[ 2018-02-11T00:08:44+08:00 ] 192.168.2.143 /shop/App/Shop/index/ppid/513
INFO: [ app_init ] --START--
INFO: Run Behavior\BuildLiteBehavior [ RunTime:0.000000s ]
INFO: [ app_init ] --END-- [ RunTime:0.001000s ]
INFO: [ app_begin ] --START--
INFO: Run Behavior\ReadHtmlCacheBehavior [ RunTime:0.000000s ]
INFO: [ app_begin ] --END-- [ RunTime:0.001000s ]
SQL: SHOW COLUMNS FROM `wfx_set` [ RunTime:0.0050s ]
SQL: SELECT * FROM `wfx_set` LIMIT 1   [ RunTime:0.0010s ]
NOTIC: [8] Undefined index: employee E:\xampp\htdocs\shop\Application\App\Controller\BaseController.class.php 第 32 行.
SQL: SHOW COLUMNS FROM `wfx_vip` [ RunTime:0.0050s ]
SQL: SELECT * FROM `wfx_vip` WHERE `openid` = 'oojFxs9t26kSFP7PRR_ukn73KPq4' LIMIT 1   [ RunTime:0.0020s ]
SQL: SHOW COLUMNS FROM `wfx_vip_set` [ RunTime:0.0050s ]
SQL: SELECT * FROM `wfx_vip_set` LIMIT 1   [ RunTime:0.0000s ]
SQL: SHOW COLUMNS FROM `wfx_shop_set` [ RunTime:0.0060s ]
SQL: SELECT * FROM `wfx_shop_set` LIMIT 1   [ RunTime:0.0000s ]
SQL: SELECT * FROM `wfx_shop_set` WHERE ( id=1 ) LIMIT 1   [ RunTime:0.0010s ]
SQL: SHOW COLUMNS FROM `wfx_upload_img` [ RunTime:0.0050s ]
SQL: SELECT * FROM `wfx_upload_img` WHERE `id` = 135 LIMIT 1   [ RunTime:0.0000s ]
SQL: SHOW COLUMNS FROM `wfx_vip_level` [ RunTime:0.0050s ]
SQL: SELECT * FROM `wfx_vip_level` ORDER BY exp  [ RunTime:0.0000s ]
SQL: SHOW COLUMNS FROM `wfx_shop_goods` [ RunTime:0.0060s ]
SQL: SHOW COLUMNS FROM `wfx_shop_group` [ RunTime:0.0060s ]
SQL: SELECT * FROM `wfx_shop_group` WHERE `status` = 1 LIMIT 1   [ RunTime:0.0000s ]
SQL: SELECT * FROM `wfx_shop_goods` WHERE `id` IN ('10','15')  [ RunTime:0.0010s ]
SQL: SELECT * FROM `wfx_upload_img` WHERE `id` = 154 LIMIT 1   [ RunTime:0.0000s ]
SQL: SELECT * FROM `wfx_upload_img` WHERE `id` = 157 LIMIT 1   [ RunTime:0.0000s ]
SQL: SELECT * FROM `wfx_shop_goods` WHERE `status` = 1 ORDER BY sorts desc  [ RunTime:0.0000s ]
SQL: SELECT * FROM `wfx_upload_img` WHERE `id` = 154 LIMIT 1   [ RunTime:0.0000s ]
SQL: SELECT * FROM `wfx_upload_img` WHERE `id` = 157 LIMIT 1   [ RunTime:0.0010s ]
SQL: SELECT * FROM `wfx_upload_img` WHERE `id` = 160 LIMIT 1   [ RunTime:0.0000s ]
SQL: SELECT * FROM `wfx_upload_img` WHERE `id` = 160 LIMIT 1   [ RunTime:0.0000s ]
SQL: SHOW COLUMNS FROM `wfx_shop_cate` [ RunTime:0.0050s ]
SQL: SELECT * FROM `wfx_shop_cate` WHERE `id` IN ('20','21','22','23','24','25','27') ORDER BY rank desc  [ RunTime:0.0000s ]
SQL: SELECT * FROM `wfx_upload_img` WHERE `id` = 148 LIMIT 1   [ RunTime:0.0000s ]
SQL: SELECT * FROM `wfx_upload_img` WHERE `id` = 149 LIMIT 1   [ RunTime:0.0000s ]
SQL: SELECT * FROM `wfx_upload_img` WHERE `id` = 167 LIMIT 1   [ RunTime:0.0000s ]
SQL: SELECT * FROM `wfx_upload_img` WHERE `id` = 166 LIMIT 1   [ RunTime:0.0000s ]
SQL: SELECT * FROM `wfx_upload_img` WHERE `id` = 166 LIMIT 1   [ RunTime:0.0000s ]
SQL: SELECT * FROM `wfx_upload_img` WHERE `id` = 167 LIMIT 1   [ RunTime:0.0000s ]
SQL: SHOW COLUMNS FROM `wfx_shop_ads` [ RunTime:0.0060s ]
SQL: SELECT * FROM `wfx_shop_ads` WHERE ( id )  [ RunTime:0.0000s ]
SQL: SELECT * FROM `wfx_upload_img` WHERE `id` = 137 LIMIT 1   [ RunTime:0.0010s ]
SQL: SELECT * FROM `wfx_upload_img` WHERE `id` = 165 LIMIT 1   [ RunTime:0.0000s ]
INFO: [ view_parse ] --START--
INFO: [ template_filter ] --START--
INFO: Run Behavior\ContentReplaceBehavior [ RunTime:0.000000s ]
INFO: [ template_filter ] --END-- [ RunTime:0.000000s ]
NOTIC: [8] Undefined variable: actname E:\xampp\htdocs\shop\Application\Runtime\Cache\App\b56b8082e02b1b878a28f8cba0cac826.php 第 233 行.
INFO: Run Behavior\ParseTemplateBehavior [ RunTime:0.018001s ]
INFO: [ view_parse ] --END-- [ RunTime:0.018001s ]
INFO: [ view_filter ] --START--
INFO: Run Behavior\WriteHtmlCacheBehavior [ RunTime:0.001000s ]
INFO: [ view_filter ] --END-- [ RunTime:0.001000s ]
INFO: [ app_end ] --START--
INFO: Run Behavior\ShowPageTraceBehavior [ RunTime:0.001000s ]
INFO: [ app_end ] --END-- [ RunTime:0.001000s ]

[ 2018-02-11T00:08:51+08:00 ] 192.168.2.143 /shop/App/Vip/index
INFO: [ app_init ] --START--
INFO: Run Behavior\BuildLiteBehavior [ RunTime:0.000000s ]
INFO: [ app_init ] --END-- [ RunTime:0.001000s ]
INFO: [ app_begin ] --START--
INFO: Run Behavior\ReadHtmlCacheBehavior [ RunTime:0.000000s ]
INFO: [ app_begin ] --END-- [ RunTime:0.000000s ]
SQL: SHOW COLUMNS FROM `wfx_set` [ RunTime:0.0050s ]
SQL: SELECT * FROM `wfx_set` LIMIT 1   [ RunTime:0.0000s ]
NOTIC: [8] Undefined index: ppid E:\xampp\htdocs\shop\Application\App\Controller\BaseController.class.php 第 31 行.
NOTIC: [8] Undefined index: employee E:\xampp\htdocs\shop\Application\App\Controller\BaseController.class.php 第 32 行.
SQL: SHOW COLUMNS FROM `wfx_vip` [ RunTime:0.0050s ]
SQL: SELECT * FROM `wfx_vip` WHERE `openid` = 'oojFxs9t26kSFP7PRR_ukn73KPq4' LIMIT 1   [ RunTime:0.0010s ]
SQL: SHOW COLUMNS FROM `wfx_vip_set` [ RunTime:0.0060s ]
SQL: SELECT * FROM `wfx_vip_set` LIMIT 1   [ RunTime:0.0000s ]
SQL: SHOW COLUMNS FROM `wfx_shop_set` [ RunTime:0.0050s ]
SQL: SELECT * FROM `wfx_shop_set` LIMIT 1   [ RunTime:0.0000s ]
NOTIC: [2048] Declaration of Common\Model\CashbackModel::add() should be compatible with Think\Model::add($data = '', $options = Array, $replace = false) E:\xampp\htdocs\shop\Application\Common\Model\CashbackModel.class.php 第 7 行.
SQL: SHOW COLUMNS FROM `wfx_cashback` [ RunTime:0.0060s ]
NOTIC: [8] Undefined index: limit E:\xampp\htdocs\shop\ThinkPHP\Library\Think\Db\Driver.class.php 第 950 行.
SQL: SELECT * FROM `wfx_cashback` WHERE `vip_id` = 513 ORDER BY id desc LIMIT 0,20   [ RunTime:0.0000s ]
SQL: SHOW COLUMNS FROM `wfx_vip_level` [ RunTime:0.0050s ]
SQL: SELECT `name` FROM `wfx_vip_level` WHERE ( id=1 ) LIMIT 1   [ RunTime:0.0000s ]
SQL: SHOW COLUMNS FROM `wfx_vip_monthexp` [ RunTime:0.0050s ]
SQL: SELECT * FROM `wfx_vip_monthexp` WHERE `month` = '2018-1' AND `vipid` = 513 LIMIT 1   [ RunTime:0.0010s ]
SQL: SHOW COLUMNS FROM `wfx_vip_message` [ RunTime:0.0050s ]
SQL: SELECT * FROM `wfx_vip_message`  [ RunTime:0.0010s ]
SQL: SELECT * FROM `wfx_vip_message` WHERE `id` IN ('','11')  [ RunTime:0.0000s ]
SQL: SHOW COLUMNS FROM `wfx_vip_log` [ RunTime:0.0050s ]
SQL: SELECT * FROM `wfx_vip_log` WHERE ( vipid=513 and type=5 )  [ RunTime:0.0010s ]
SQL: SELECT * FROM `wfx_vip` WHERE `id` = 513 LIMIT 1   [ RunTime:0.0000s ]
SQL: SHOW COLUMNS FROM `wfx_vip_card` [ RunTime:0.0050s ]
SQL: SELECT COUNT(*) AS tp_count FROM `wfx_vip_card` WHERE `etime` >= 1518278400 AND `vipid` = 513 AND `status` = 1 LIMIT 1   [ RunTime:0.0000s ]
SQL: SELECT * FROM `wfx_vip` WHERE ( id=0 ) LIMIT 1   [ RunTime:0.0010s ]
INFO: [ view_parse ] --START--
INFO: [ template_filter ] --START--
INFO: Run Behavior\ContentReplaceBehavior [ RunTime:0.000000s ]
INFO: [ template_filter ] --END-- [ RunTime:0.000000s ]
NOTIC: [8] Undefined variable: showfather E:\xampp\htdocs\shop\Application\Runtime\Cache\App\a18ac47877ff27f7f441cda9c1d7167a.php 第 61 行.
INFO: Run Behavior\ParseTemplateBehavior [ RunTime:0.011001s ]
INFO: [ view_parse ] --END-- [ RunTime:0.011001s ]
INFO: [ view_filter ] --START--
INFO: Run Behavior\WriteHtmlCacheBehavior [ RunTime:0.001000s ]
INFO: [ view_filter ] --END-- [ RunTime:0.001000s ]
INFO: [ app_end ] --START--
INFO: Run Behavior\ShowPageTraceBehavior [ RunTime:0.001000s ]
INFO: [ app_end ] --END-- [ RunTime:0.001000s ]

[ 2018-02-11T00:08:54+08:00 ] 192.168.2.143 /shop/App/Vip/tx
INFO: [ app_init ] --START--
INFO: Run Behavior\BuildLiteBehavior [ RunTime:0.000000s ]
INFO: [ app_init ] --END-- [ RunTime:0.000000s ]
INFO: [ app_begin ] --START--
INFO: Run Behavior\ReadHtmlCacheBehavior [ RunTime:0.001000s ]
INFO: [ app_begin ] --END-- [ RunTime:0.001000s ]
SQL: SHOW COLUMNS FROM `wfx_set` [ RunTime:0.0060s ]
SQL: SELECT * FROM `wfx_set` LIMIT 1   [ RunTime:0.0000s ]
NOTIC: [8] Undefined index: ppid E:\xampp\htdocs\shop\Application\App\Controller\BaseController.class.php 第 31 行.
NOTIC: [8] Undefined index: employee E:\xampp\htdocs\shop\Application\App\Controller\BaseController.class.php 第 32 行.
SQL: SHOW COLUMNS FROM `wfx_vip` [ RunTime:0.0060s ]
SQL: SELECT * FROM `wfx_vip` WHERE `openid` = 'oojFxs9t26kSFP7PRR_ukn73KPq4' LIMIT 1   [ RunTime:0.0010s ]
SQL: SHOW COLUMNS FROM `wfx_vip_set` [ RunTime:0.0060s ]
SQL: SELECT * FROM `wfx_vip_set` LIMIT 1   [ RunTime:0.0000s ]
SQL: SHOW COLUMNS FROM `wfx_shop_set` [ RunTime:0.0050s ]
SQL: SELECT * FROM `wfx_shop_set` LIMIT 1   [ RunTime:0.0010s ]
SQL: SHOW COLUMNS FROM `wfx_vip_level` [ RunTime:0.0050s ]
SQL: SELECT `name` FROM `wfx_vip_level` WHERE ( id=1 ) LIMIT 1   [ RunTime:0.0000s ]
SQL: SHOW COLUMNS FROM `wfx_vip_monthexp` [ RunTime:0.0060s ]
SQL: SELECT * FROM `wfx_vip_monthexp` WHERE `month` = '2018-1' AND `vipid` = 513 LIMIT 1   [ RunTime:0.0010s ]
INFO: [ view_parse ] --START--
INFO: [ template_filter ] --START--
INFO: Run Behavior\ContentReplaceBehavior [ RunTime:0.000000s ]
INFO: [ template_filter ] --END-- [ RunTime:0.000000s ]
INFO: Run Behavior\ParseTemplateBehavior [ RunTime:0.038002s ]
INFO: [ view_parse ] --END-- [ RunTime:0.038002s ]
INFO: [ view_filter ] --START--
INFO: Run Behavior\WriteHtmlCacheBehavior [ RunTime:0.000000s ]
INFO: [ view_filter ] --END-- [ RunTime:0.000000s ]
INFO: [ app_end ] --START--
INFO: Run Behavior\ShowPageTraceBehavior [ RunTime:0.001000s ]
INFO: [ app_end ] --END-- [ RunTime:0.001000s ]

[ 2018-02-11T00:09:03+08:00 ] 192.168.2.143 /shop/App/Vip/address
INFO: [ app_init ] --START--
INFO: Run Behavior\BuildLiteBehavior [ RunTime:0.000000s ]
INFO: [ app_init ] --END-- [ RunTime:0.001000s ]
INFO: [ app_begin ] --START--
INFO: Run Behavior\ReadHtmlCacheBehavior [ RunTime:0.001000s ]
INFO: [ app_begin ] --END-- [ RunTime:0.001000s ]
SQL: SHOW COLUMNS FROM `wfx_set` [ RunTime:0.0050s ]
SQL: SELECT * FROM `wfx_set` LIMIT 1   [ RunTime:0.0010s ]
NOTIC: [8] Undefined index: ppid E:\xampp\htdocs\shop\Application\App\Controller\BaseController.class.php 第 31 行.
NOTIC: [8] Undefined index: employee E:\xampp\htdocs\shop\Application\App\Controller\BaseController.class.php 第 32 行.
SQL: SHOW COLUMNS FROM `wfx_vip` [ RunTime:0.0060s ]
SQL: SELECT * FROM `wfx_vip` WHERE `openid` = 'oojFxs9t26kSFP7PRR_ukn73KPq4' LIMIT 1   [ RunTime:0.0020s ]
SQL: SHOW COLUMNS FROM `wfx_vip_set` [ RunTime:0.0060s ]
SQL: SELECT * FROM `wfx_vip_set` LIMIT 1   [ RunTime:0.0000s ]
SQL: SHOW COLUMNS FROM `wfx_shop_set` [ RunTime:0.0050s ]
SQL: SELECT * FROM `wfx_shop_set` LIMIT 1   [ RunTime:0.0010s ]
SQL: SHOW COLUMNS FROM `wfx_vip_level` [ RunTime:0.0060s ]
SQL: SELECT `name` FROM `wfx_vip_level` WHERE ( id=1 ) LIMIT 1   [ RunTime:0.0000s ]
SQL: SHOW COLUMNS FROM `wfx_vip_monthexp` [ RunTime:0.0060s ]
SQL: SELECT * FROM `wfx_vip_monthexp` WHERE `month` = '2018-1' AND `vipid` = 513 LIMIT 1   [ RunTime:0.0010s ]
SQL: SHOW COLUMNS FROM `wfx_vip_address` [ RunTime:0.0050s ]
SQL: SELECT * FROM `wfx_vip_address` WHERE ( vipid=513 )  [ RunTime:0.0000s ]
INFO: [ view_parse ] --START--
INFO: [ template_filter ] --START--
INFO: Run Behavior\ContentReplaceBehavior [ RunTime:0.000000s ]
INFO: [ template_filter ] --END-- [ RunTime:0.000000s ]
NOTIC: [8] Undefined index: orderURL E:\xampp\htdocs\shop\Application\Runtime\Cache\App\b8cc1dade56a61bf9671d9439481d12f.php 第 51 行.
INFO: Run Behavior\ParseTemplateBehavior [ RunTime:0.008000s ]
INFO: [ view_parse ] --END-- [ RunTime:0.008000s ]
INFO: [ view_filter ] --START--
INFO: Run Behavior\WriteHtmlCacheBehavior [ RunTime:0.001001s ]
INFO: [ view_filter ] --END-- [ RunTime:0.001001s ]
INFO: [ app_end ] --START--
INFO: Run Behavior\ShowPageTraceBehavior [ RunTime:0.000000s ]
INFO: [ app_end ] --END-- [ RunTime:0.001000s ]

[ 2018-02-11T00:09:07+08:00 ] 192.168.2.143 /shop/App/Vip/info
INFO: [ app_init ] --START--
INFO: Run Behavior\BuildLiteBehavior [ RunTime:0.000000s ]
INFO: [ app_init ] --END-- [ RunTime:0.001000s ]
INFO: [ app_begin ] --START--
INFO: Run Behavior\ReadHtmlCacheBehavior [ RunTime:0.001001s ]
INFO: [ app_begin ] --END-- [ RunTime:0.001001s ]
SQL: SHOW COLUMNS FROM `wfx_set` [ RunTime:0.0060s ]
SQL: SELECT * FROM `wfx_set` LIMIT 1   [ RunTime:0.0000s ]
NOTIC: [8] Undefined index: ppid E:\xampp\htdocs\shop\Application\App\Controller\BaseController.class.php 第 31 行.
NOTIC: [8] Undefined index: employee E:\xampp\htdocs\shop\Application\App\Controller\BaseController.class.php 第 32 行.
SQL: SHOW COLUMNS FROM `wfx_vip` [ RunTime:0.0060s ]
SQL: SELECT * FROM `wfx_vip` WHERE `openid` = 'oojFxs9t26kSFP7PRR_ukn73KPq4' LIMIT 1   [ RunTime:0.0020s ]
SQL: SHOW COLUMNS FROM `wfx_vip_set` [ RunTime:0.0060s ]
SQL: SELECT * FROM `wfx_vip_set` LIMIT 1   [ RunTime:0.0000s ]
SQL: SHOW COLUMNS FROM `wfx_shop_set` [ RunTime:0.0050s ]
SQL: SELECT * FROM `wfx_shop_set` LIMIT 1   [ RunTime:0.0000s ]
SQL: SHOW COLUMNS FROM `wfx_vip_level` [ RunTime:0.0050s ]
SQL: SELECT `name` FROM `wfx_vip_level` WHERE ( id=1 ) LIMIT 1   [ RunTime:0.0010s ]
SQL: SHOW COLUMNS FROM `wfx_vip_monthexp` [ RunTime:0.0050s ]
SQL: SELECT * FROM `wfx_vip_monthexp` WHERE `month` = '2018-1' AND `vipid` = 513 LIMIT 1   [ RunTime:0.0000s ]
INFO: [ view_parse ] --START--
INFO: [ template_filter ] --START--
INFO: Run Behavior\ContentReplaceBehavior [ RunTime:0.000000s ]
INFO: [ template_filter ] --END-- [ RunTime:0.000000s ]
INFO: Run Behavior\ParseTemplateBehavior [ RunTime:0.045002s ]
INFO: [ view_parse ] --END-- [ RunTime:0.045002s ]
INFO: [ view_filter ] --START--
INFO: Run Behavior\WriteHtmlCacheBehavior [ RunTime:0.001000s ]
INFO: [ view_filter ] --END-- [ RunTime:0.001000s ]
INFO: [ app_end ] --START--
INFO: Run Behavior\ShowPageTraceBehavior [ RunTime:0.000000s ]
INFO: [ app_end ] --END-- [ RunTime:0.000000s ]

[ 2018-02-11T00:09:12+08:00 ] 192.168.2.143 /shop/App/Vip/about
INFO: [ app_init ] --START--
INFO: Run Behavior\BuildLiteBehavior [ RunTime:0.000000s ]
INFO: [ app_init ] --END-- [ RunTime:0.000000s ]
INFO: [ app_begin ] --START--
INFO: Run Behavior\ReadHtmlCacheBehavior [ RunTime:0.001001s ]
INFO: [ app_begin ] --END-- [ RunTime:0.001001s ]
SQL: SHOW COLUMNS FROM `wfx_set` [ RunTime:0.0060s ]
SQL: SELECT * FROM `wfx_set` LIMIT 1   [ RunTime:0.0000s ]
NOTIC: [8] Undefined index: ppid E:\xampp\htdocs\shop\Application\App\Controller\BaseController.class.php 第 31 行.
NOTIC: [8] Undefined index: employee E:\xampp\htdocs\shop\Application\App\Controller\BaseController.class.php 第 32 行.
SQL: SHOW COLUMNS FROM `wfx_vip` [ RunTime:0.0060s ]
SQL: SELECT * FROM `wfx_vip` WHERE `openid` = 'oojFxs9t26kSFP7PRR_ukn73KPq4' LIMIT 1   [ RunTime:0.0020s ]
SQL: SHOW COLUMNS FROM `wfx_vip_set` [ RunTime:0.0070s ]
SQL: SELECT * FROM `wfx_vip_set` LIMIT 1   [ RunTime:0.0010s ]
SQL: SHOW COLUMNS FROM `wfx_shop_set` [ RunTime:0.0060s ]
SQL: SELECT * FROM `wfx_shop_set` LIMIT 1   [ RunTime:0.0000s ]
SQL: SELECT * FROM `wfx_shop_set` LIMIT 1   [ RunTime:0.0010s ]
INFO: [ view_parse ] --START--
INFO: [ template_filter ] --START--
INFO: Run Behavior\ContentReplaceBehavior [ RunTime:0.000000s ]
INFO: [ template_filter ] --END-- [ RunTime:0.000000s ]
INFO: Run Behavior\ParseTemplateBehavior [ RunTime:0.045003s ]
INFO: [ view_parse ] --END-- [ RunTime:0.045003s ]
INFO: [ view_filter ] --START--
INFO: Run Behavior\WriteHtmlCacheBehavior [ RunTime:0.000000s ]
INFO: [ view_filter ] --END-- [ RunTime:0.000000s ]
INFO: [ app_end ] --START--
INFO: Run Behavior\ShowPageTraceBehavior [ RunTime:0.001000s ]
INFO: [ app_end ] --END-- [ RunTime:0.001000s ]

