[ 2018-02-09T17:03:25+08:00 ] 192.168.2.143 /shop/app
INFO: [ app_init ] --START--
INFO: Run Behavior\BuildLiteBehavior [ RunTime:0.000000s ]
INFO: [ app_init ] --END-- [ RunTime:0.001000s ]
INFO: [ app_begin ] --START--
INFO: Run Behavior\ReadHtmlCacheBehavior [ RunTime:0.001000s ]
INFO: [ app_begin ] --END-- [ RunTime:0.001000s ]
SQL: SHOW COLUMNS FROM `wfx_set` [ RunTime:0.0050s ]
SQL: SELECT * FROM `wfx_set` LIMIT 1   [ RunTime:0.0000s ]
NOTIC: [8] Undefined index: ppid E:\xampp\htdocs\shop\Application\App\Controller\BaseController.class.php 第 31 行.
NOTIC: [8] Undefined index: employee E:\xampp\htdocs\shop\Application\App\Controller\BaseController.class.php 第 32 行.
SQL: SHOW COLUMNS FROM `wfx_vip` [ RunTime:0.0060s ]
SQL: SELECT * FROM `wfx_vip` WHERE `openid` = 'oojFxs4s3PSZVjL-X5UpFPhNfG0c' LIMIT 1   [ RunTime:0.0000s ]
NOTIC: [8] Undefined index: ppid E:\xampp\htdocs\shop\Application\App\Controller\BaseController.class.php 第 129 行.

[ 2018-02-09T17:03:26+08:00 ] 192.168.2.143 /shop/App/Shop/index/ppid/2
INFO: [ app_init ] --START--
INFO: Run Behavior\BuildLiteBehavior [ RunTime:0.000000s ]
INFO: [ app_init ] --END-- [ RunTime:0.001000s ]
INFO: [ app_begin ] --START--
INFO: Run Behavior\ReadHtmlCacheBehavior [ RunTime:0.000000s ]
INFO: [ app_begin ] --END-- [ RunTime:0.000000s ]
SQL: SHOW COLUMNS FROM `wfx_set` [ RunTime:0.0060s ]
SQL: SELECT * FROM `wfx_set` LIMIT 1   [ RunTime:0.0010s ]
NOTIC: [8] Undefined index: employee E:\xampp\htdocs\shop\Application\App\Controller\BaseController.class.php 第 32 行.
SQL: SHOW COLUMNS FROM `wfx_vip` [ RunTime:0.0050s ]
SQL: SELECT * FROM `wfx_vip` WHERE `openid` = 'oojFxs4s3PSZVjL-X5UpFPhNfG0c' LIMIT 1   [ RunTime:0.0000s ]
SQL: SHOW COLUMNS FROM `wfx_vip_set` [ RunTime:0.0060s ]
SQL: SELECT * FROM `wfx_vip_set` LIMIT 1   [ RunTime:0.0000s ]
SQL: SHOW COLUMNS FROM `wfx_shop_set` [ RunTime:0.0060s ]
SQL: SELECT * FROM `wfx_shop_set` LIMIT 1   [ RunTime:0.0000s ]
SQL: SELECT * FROM `wfx_shop_set` WHERE ( id=1 ) LIMIT 1   [ RunTime:0.0000s ]
SQL: SHOW COLUMNS FROM `wfx_upload_img` [ RunTime:0.0050s ]
SQL: SELECT * FROM `wfx_upload_img` WHERE `id` = 135 LIMIT 1   [ RunTime:0.0010s ]
SQL: SHOW COLUMNS FROM `wfx_shop_goods` [ RunTime:0.0060s ]
SQL: SHOW COLUMNS FROM `wfx_shop_group` [ RunTime:0.0060s ]
SQL: SELECT * FROM `wfx_shop_group` WHERE `status` = 1 LIMIT 1   [ RunTime:0.0720s ]
SQL: SELECT * FROM `wfx_shop_goods` WHERE `id` IN ('10','15')  [ RunTime:0.0670s ]
SQL: SELECT * FROM `wfx_upload_img` WHERE `id` = 154 LIMIT 1   [ RunTime:0.0000s ]
SQL: SELECT * FROM `wfx_upload_img` WHERE `id` = 157 LIMIT 1   [ RunTime:0.0010s ]
SQL: SELECT * FROM `wfx_shop_goods` WHERE `status` = 1 ORDER BY sorts desc  [ RunTime:0.0000s ]
SQL: SELECT * FROM `wfx_upload_img` WHERE `id` = 154 LIMIT 1   [ RunTime:0.0000s ]
SQL: SELECT * FROM `wfx_upload_img` WHERE `id` = 157 LIMIT 1   [ RunTime:0.0000s ]
SQL: SELECT * FROM `wfx_upload_img` WHERE `id` = 160 LIMIT 1   [ RunTime:0.0010s ]
SQL: SELECT * FROM `wfx_upload_img` WHERE `id` = 160 LIMIT 1   [ RunTime:0.0000s ]
SQL: SHOW COLUMNS FROM `wfx_shop_cate` [ RunTime:0.0060s ]
SQL: SELECT * FROM `wfx_shop_cate` WHERE `id` IN ('20','21','22','23','24','25','27') ORDER BY rank desc  [ RunTime:0.0770s ]
SQL: SELECT * FROM `wfx_upload_img` WHERE `id` = 148 LIMIT 1   [ RunTime:0.0000s ]
SQL: SELECT * FROM `wfx_upload_img` WHERE `id` = 149 LIMIT 1   [ RunTime:0.0000s ]
SQL: SELECT * FROM `wfx_upload_img` WHERE `id` = 167 LIMIT 1   [ RunTime:0.0000s ]
SQL: SELECT * FROM `wfx_upload_img` WHERE `id` = 166 LIMIT 1   [ RunTime:0.0010s ]
SQL: SELECT * FROM `wfx_upload_img` WHERE `id` = 166 LIMIT 1   [ RunTime:0.0000s ]
SQL: SELECT * FROM `wfx_upload_img` WHERE `id` = 167 LIMIT 1   [ RunTime:0.0000s ]
SQL: SHOW COLUMNS FROM `wfx_shop_ads` [ RunTime:0.0060s ]
SQL: SELECT * FROM `wfx_shop_ads` WHERE ( id )  [ RunTime:0.0010s ]
SQL: SELECT * FROM `wfx_upload_img` WHERE `id` = 137 LIMIT 1   [ RunTime:0.0000s ]
SQL: SELECT * FROM `wfx_upload_img` WHERE `id` = 165 LIMIT 1   [ RunTime:0.0000s ]
INFO: [ view_parse ] --START--
INFO: [ template_filter ] --START--
INFO: Run Behavior\ContentReplaceBehavior [ RunTime:0.000000s ]
INFO: [ template_filter ] --END-- [ RunTime:0.000000s ]
NOTIC: [8] Undefined variable: actname E:\xampp\htdocs\shop\Application\Runtime\Cache\App\b56b8082e02b1b878a28f8cba0cac826.php 第 233 行.
INFO: Run Behavior\ParseTemplateBehavior [ RunTime:0.035002s ]
INFO: [ view_parse ] --END-- [ RunTime:0.035002s ]
INFO: [ view_filter ] --START--
INFO: Run Behavior\WriteHtmlCacheBehavior [ RunTime:0.001000s ]
INFO: [ view_filter ] --END-- [ RunTime:0.001000s ]
INFO: [ app_end ] --START--
INFO: Run Behavior\ShowPageTraceBehavior [ RunTime:0.001000s ]
INFO: [ app_end ] --END-- [ RunTime:0.001000s ]

[ 2018-02-09T17:03:29+08:00 ] 192.168.2.143 /shop/App/Vip/index
INFO: [ app_init ] --START--
INFO: Run Behavior\BuildLiteBehavior [ RunTime:0.000000s ]
INFO: [ app_init ] --END-- [ RunTime:0.000000s ]
INFO: [ app_begin ] --START--
INFO: Run Behavior\ReadHtmlCacheBehavior [ RunTime:0.001000s ]
INFO: [ app_begin ] --END-- [ RunTime:0.001000s ]
SQL: SHOW COLUMNS FROM `wfx_set` [ RunTime:0.0050s ]
SQL: SELECT * FROM `wfx_set` LIMIT 1   [ RunTime:0.0000s ]
NOTIC: [8] Undefined index: ppid E:\xampp\htdocs\shop\Application\App\Controller\BaseController.class.php 第 31 行.
NOTIC: [8] Undefined index: employee E:\xampp\htdocs\shop\Application\App\Controller\BaseController.class.php 第 32 行.
SQL: SHOW COLUMNS FROM `wfx_vip` [ RunTime:0.0050s ]
SQL: SELECT * FROM `wfx_vip` WHERE `openid` = 'oojFxs4s3PSZVjL-X5UpFPhNfG0c' LIMIT 1   [ RunTime:0.0010s ]
SQL: SHOW COLUMNS FROM `wfx_vip_set` [ RunTime:0.0060s ]
SQL: SELECT * FROM `wfx_vip_set` LIMIT 1   [ RunTime:0.0000s ]
SQL: SHOW COLUMNS FROM `wfx_shop_set` [ RunTime:0.0050s ]
SQL: SELECT * FROM `wfx_shop_set` LIMIT 1   [ RunTime:0.0000s ]
NOTIC: [2048] Declaration of Common\Model\CashbackModel::add() should be compatible with Think\Model::add($data = '', $options = Array, $replace = false) E:\xampp\htdocs\shop\Application\Common\Model\CashbackModel.class.php 第 7 行.
SQL: SHOW COLUMNS FROM `wfx_cashback` [ RunTime:0.0050s ]
NOTIC: [8] Undefined index: limit E:\xampp\htdocs\shop\ThinkPHP\Library\Think\Db\Driver.class.php 第 950 行.
SQL: SELECT * FROM `wfx_cashback` WHERE `vip_id` = 2 ORDER BY id desc LIMIT 0,20   [ RunTime:0.0240s ]
SQL: SHOW COLUMNS FROM `wfx_vip_level` [ RunTime:0.0060s ]
SQL: SELECT `name` FROM `wfx_vip_level` WHERE ( id=1 ) LIMIT 1   [ RunTime:0.0380s ]
SQL: SHOW COLUMNS FROM `wfx_vip_monthexp` [ RunTime:0.0050s ]
SQL: SELECT * FROM `wfx_vip_monthexp` WHERE `month` = '2018-1' AND `vipid` = 2 LIMIT 1   [ RunTime:0.0300s ]
SQL: SHOW COLUMNS FROM `wfx_vip_message` [ RunTime:0.0050s ]
SQL: SELECT * FROM `wfx_vip_message`  [ RunTime:0.0010s ]
SQL: SELECT * FROM `wfx_vip_message` WHERE `id` IN ('','33','34')  [ RunTime:0.0000s ]
SQL: SHOW COLUMNS FROM `wfx_vip_log` [ RunTime:0.0060s ]
SQL: SELECT * FROM `wfx_vip_log` WHERE ( vipid=2 and type=5 )  [ RunTime:0.0040s ]
SQL: SELECT * FROM `wfx_vip` WHERE `id` = 2 LIMIT 1   [ RunTime:0.0000s ]
SQL: SHOW COLUMNS FROM `wfx_vip_card` [ RunTime:0.0050s ]
SQL: SELECT COUNT(*) AS tp_count FROM `wfx_vip_card` WHERE `etime` >= 1518105600 AND `vipid` = 2 AND `status` = 1 LIMIT 1   [ RunTime:0.0000s ]
SQL: SELECT * FROM `wfx_vip` WHERE ( id=0 ) LIMIT 1   [ RunTime:0.0000s ]
INFO: [ view_parse ] --START--
INFO: [ template_filter ] --START--
INFO: Run Behavior\ContentReplaceBehavior [ RunTime:0.000000s ]
INFO: [ template_filter ] --END-- [ RunTime:0.000000s ]
NOTIC: [8] Undefined variable: showfather E:\xampp\htdocs\shop\Application\Runtime\Cache\App\a18ac47877ff27f7f441cda9c1d7167a.php 第 61 行.
INFO: Run Behavior\ParseTemplateBehavior [ RunTime:0.059003s ]
INFO: [ view_parse ] --END-- [ RunTime:0.059003s ]
INFO: [ view_filter ] --START--
INFO: Run Behavior\WriteHtmlCacheBehavior [ RunTime:0.000000s ]
INFO: [ view_filter ] --END-- [ RunTime:0.000000s ]
INFO: [ app_end ] --START--
INFO: Run Behavior\ShowPageTraceBehavior [ RunTime:0.001000s ]
INFO: [ app_end ] --END-- [ RunTime:0.001000s ]

[ 2018-02-09T17:03:33+08:00 ] 192.168.2.143 /shop/App/Fx/index
INFO: [ app_init ] --START--
INFO: Run Behavior\BuildLiteBehavior [ RunTime:0.000000s ]
INFO: [ app_init ] --END-- [ RunTime:0.001000s ]
INFO: [ app_begin ] --START--
INFO: Run Behavior\ReadHtmlCacheBehavior [ RunTime:0.000000s ]
INFO: [ app_begin ] --END-- [ RunTime:0.000000s ]
SQL: SHOW COLUMNS FROM `wfx_set` [ RunTime:0.0050s ]
SQL: SELECT * FROM `wfx_set` LIMIT 1   [ RunTime:0.0000s ]
NOTIC: [8] Undefined index: ppid E:\xampp\htdocs\shop\Application\App\Controller\BaseController.class.php 第 31 行.
NOTIC: [8] Undefined index: employee E:\xampp\htdocs\shop\Application\App\Controller\BaseController.class.php 第 32 行.
SQL: SHOW COLUMNS FROM `wfx_vip` [ RunTime:0.0050s ]
SQL: SELECT * FROM `wfx_vip` WHERE `openid` = 'oojFxs4s3PSZVjL-X5UpFPhNfG0c' LIMIT 1   [ RunTime:0.0010s ]
SQL: SHOW COLUMNS FROM `wfx_vip_set` [ RunTime:0.0060s ]
SQL: SELECT * FROM `wfx_vip_set` LIMIT 1   [ RunTime:0.0010s ]
SQL: SHOW COLUMNS FROM `wfx_shop_set` [ RunTime:0.0050s ]
SQL: SELECT * FROM `wfx_shop_set` LIMIT 1   [ RunTime:0.0010s ]
SQL: SELECT `id`,`plv`,`path`,`nickname` FROM `wfx_vip` WHERE `plv` = 2 AND `path` = '0-2'  [ RunTime:0.0010s ]
SQL: SELECT `id`,`plv`,`path`,`nickname` FROM `wfx_vip` WHERE `plv` <= 4 AND `path` LIKE '0-2-%'  [ RunTime:0.0020s ]
NOTIC: [8] Undefined offset: 2 E:\xampp\htdocs\shop\Application\App\Controller\FxController.class.php 第 69 行.
SQL: SHOW COLUMNS FROM `wfx_shop_set` [ RunTime:0.0060s ]
SQL: SELECT * FROM `wfx_shop_set` LIMIT 1   [ RunTime:0.0010s ]
SQL: SHOW COLUMNS FROM `wfx_shop_order` [ RunTime:0.0050s ]
SQL: SELECT SUM(payprice) AS tp_sum FROM `wfx_shop_order` WHERE `ispay` = 1 AND `status` IN ('2','3') AND `vipid` IN ('324','') LIMIT 1   [ RunTime:0.0010s ]
SQL: SELECT `id` FROM `wfx_shop_order` WHERE `ispay` = 1 AND `status` IN ('2','3') AND `vipid` IN ('324','')  [ RunTime:0.0000s ]
NOTIC: [8] Undefined offset: 1 E:\xampp\htdocs\shop\Application\App\Controller\FxController.class.php 第 105 行.
SQL: SELECT SUM(payprice) AS tp_sum FROM `wfx_shop_order` WHERE `ispay` = 1 AND `status` IN ('2','3') AND `vipid` IN ('-10000000000') LIMIT 1   [ RunTime:0.0000s ]
SQL: SELECT `id` FROM `wfx_shop_order` WHERE `ispay` = 1 AND `status` IN ('2','3') AND `vipid` IN ('-10000000000')  [ RunTime:0.0000s ]
NOTIC: [8] Undefined offset: 2 E:\xampp\htdocs\shop\Application\App\Controller\FxController.class.php 第 124 行.
SQL: SELECT SUM(payprice) AS tp_sum FROM `wfx_shop_order` WHERE `ispay` = 1 AND `status` IN ('2','3') AND `vipid` IN ('-10000000000') LIMIT 1   [ RunTime:0.0000s ]
SQL: SELECT `id` FROM `wfx_shop_order` WHERE `ispay` = 1 AND `status` IN ('2','3') AND `vipid` IN ('-10000000000')  [ RunTime:0.0000s ]
SQL: SHOW COLUMNS FROM `wfx_vip_tx` [ RunTime:0.0060s ]
SQL: SELECT SUM(txprice) AS tp_sum FROM `wfx_vip_tx` WHERE `vipid` = 2 AND `status` = 1 LIMIT 1   [ RunTime:0.0000s ]
INFO: [ view_parse ] --START--
INFO: [ template_filter ] --START--
INFO: Run Behavior\ContentReplaceBehavior [ RunTime:0.000000s ]
INFO: [ template_filter ] --END-- [ RunTime:0.000000s ]
NOTIC: [8] Undefined variable: 0 E:\xampp\htdocs\shop\Application\Runtime\Cache\App\4b548cb4cbfaf090194a1aa7315c304c.php 第 94 行.
INFO: Run Behavior\ParseTemplateBehavior [ RunTime:0.026001s ]
INFO: [ view_parse ] --END-- [ RunTime:0.026001s ]
INFO: [ view_filter ] --START--
INFO: Run Behavior\WriteHtmlCacheBehavior [ RunTime:0.001000s ]
INFO: [ view_filter ] --END-- [ RunTime:0.001000s ]
INFO: [ app_end ] --START--
INFO: Run Behavior\ShowPageTraceBehavior [ RunTime:0.000000s ]
INFO: [ app_end ] --END-- [ RunTime:0.000000s ]

[ 2018-02-09T17:03:41+08:00 ] 192.168.2.143 /shop/App/Vip/index
INFO: [ app_init ] --START--
INFO: Run Behavior\BuildLiteBehavior [ RunTime:0.000000s ]
INFO: [ app_init ] --END-- [ RunTime:0.001001s ]
INFO: [ app_begin ] --START--
INFO: Run Behavior\ReadHtmlCacheBehavior [ RunTime:0.001000s ]
INFO: [ app_begin ] --END-- [ RunTime:0.001000s ]
SQL: SHOW COLUMNS FROM `wfx_set` [ RunTime:0.0060s ]
SQL: SELECT * FROM `wfx_set` LIMIT 1   [ RunTime:0.0010s ]
NOTIC: [8] Undefined index: ppid E:\xampp\htdocs\shop\Application\App\Controller\BaseController.class.php 第 31 行.
NOTIC: [8] Undefined index: employee E:\xampp\htdocs\shop\Application\App\Controller\BaseController.class.php 第 32 行.
SQL: SHOW COLUMNS FROM `wfx_vip` [ RunTime:0.0050s ]
SQL: SELECT * FROM `wfx_vip` WHERE `openid` = 'oojFxs4s3PSZVjL-X5UpFPhNfG0c' LIMIT 1   [ RunTime:0.0010s ]
SQL: SHOW COLUMNS FROM `wfx_vip_set` [ RunTime:0.0060s ]
SQL: SELECT * FROM `wfx_vip_set` LIMIT 1   [ RunTime:0.0000s ]
SQL: SHOW COLUMNS FROM `wfx_shop_set` [ RunTime:0.0060s ]
SQL: SELECT * FROM `wfx_shop_set` LIMIT 1   [ RunTime:0.0000s ]
NOTIC: [2048] Declaration of Common\Model\CashbackModel::add() should be compatible with Think\Model::add($data = '', $options = Array, $replace = false) E:\xampp\htdocs\shop\Application\Common\Model\CashbackModel.class.php 第 7 行.
SQL: SHOW COLUMNS FROM `wfx_cashback` [ RunTime:0.0060s ]
NOTIC: [8] Undefined index: limit E:\xampp\htdocs\shop\ThinkPHP\Library\Think\Db\Driver.class.php 第 950 行.
SQL: SELECT * FROM `wfx_cashback` WHERE `vip_id` = 2 ORDER BY id desc LIMIT 0,20   [ RunTime:0.0010s ]
SQL: SHOW COLUMNS FROM `wfx_vip_level` [ RunTime:0.0050s ]
SQL: SELECT `name` FROM `wfx_vip_level` WHERE ( id=1 ) LIMIT 1   [ RunTime:0.0000s ]
SQL: SHOW COLUMNS FROM `wfx_vip_monthexp` [ RunTime:0.0040s ]
SQL: SELECT * FROM `wfx_vip_monthexp` WHERE `month` = '2018-1' AND `vipid` = 2 LIMIT 1   [ RunTime:0.0000s ]
SQL: SHOW COLUMNS FROM `wfx_vip_message` [ RunTime:0.0060s ]
SQL: SELECT * FROM `wfx_vip_message`  [ RunTime:0.0010s ]
SQL: SELECT * FROM `wfx_vip_message` WHERE `id` IN ('','33','34')  [ RunTime:0.0000s ]
SQL: SHOW COLUMNS FROM `wfx_vip_log` [ RunTime:0.0050s ]
SQL: SELECT * FROM `wfx_vip_log` WHERE ( vipid=2 and type=5 )  [ RunTime:0.0010s ]
SQL: SELECT * FROM `wfx_vip` WHERE `id` = 2 LIMIT 1   [ RunTime:0.0000s ]
SQL: SHOW COLUMNS FROM `wfx_vip_card` [ RunTime:0.0060s ]
SQL: SELECT COUNT(*) AS tp_count FROM `wfx_vip_card` WHERE `etime` >= 1518105600 AND `vipid` = 2 AND `status` = 1 LIMIT 1   [ RunTime:0.0000s ]
SQL: SELECT * FROM `wfx_vip` WHERE ( id=0 ) LIMIT 1   [ RunTime:0.0010s ]
INFO: [ view_parse ] --START--
INFO: [ template_filter ] --START--
INFO: Run Behavior\ContentReplaceBehavior [ RunTime:0.000000s ]
INFO: [ template_filter ] --END-- [ RunTime:0.000000s ]
NOTIC: [8] Undefined variable: showfather E:\xampp\htdocs\shop\Application\Runtime\Cache\App\a18ac47877ff27f7f441cda9c1d7167a.php 第 61 行.
INFO: Run Behavior\ParseTemplateBehavior [ RunTime:0.012001s ]
INFO: [ view_parse ] --END-- [ RunTime:0.012001s ]
INFO: [ view_filter ] --START--
INFO: Run Behavior\WriteHtmlCacheBehavior [ RunTime:0.000000s ]
INFO: [ view_filter ] --END-- [ RunTime:0.000000s ]
INFO: [ app_end ] --START--
INFO: Run Behavior\ShowPageTraceBehavior [ RunTime:0.001000s ]
INFO: [ app_end ] --END-- [ RunTime:0.001000s ]

[ 2018-02-09T17:44:55+08:00 ] 192.168.2.143 /shop/app
INFO: [ app_init ] --START--
INFO: Run Behavior\BuildLiteBehavior [ RunTime:0.000000s ]
INFO: [ app_init ] --END-- [ RunTime:0.001000s ]
INFO: [ app_begin ] --START--
INFO: Run Behavior\ReadHtmlCacheBehavior [ RunTime:0.001000s ]
INFO: [ app_begin ] --END-- [ RunTime:0.002001s ]
SQL: SHOW COLUMNS FROM `wfx_set` [ RunTime:0.0050s ]
SQL: SELECT * FROM `wfx_set` LIMIT 1   [ RunTime:0.0440s ]
NOTIC: [8] Undefined index: ppid E:\xampp\htdocs\shop\Application\App\Controller\BaseController.class.php 第 31 行.
NOTIC: [8] Undefined index: employee E:\xampp\htdocs\shop\Application\App\Controller\BaseController.class.php 第 32 行.
SQL: SHOW COLUMNS FROM `wfx_vip` [ RunTime:0.0060s ]
SQL: SELECT * FROM `wfx_vip` WHERE `openid` = 'oojFxs4s3PSZVjL-X5UpFPhNfG0c' LIMIT 1   [ RunTime:0.0000s ]
NOTIC: [8] Undefined index: ppid E:\xampp\htdocs\shop\Application\App\Controller\BaseController.class.php 第 129 行.

[ 2018-02-09T17:44:55+08:00 ] 192.168.2.143 /shop/App/Shop/index/ppid/2
INFO: [ app_init ] --START--
INFO: Run Behavior\BuildLiteBehavior [ RunTime:0.000000s ]
INFO: [ app_init ] --END-- [ RunTime:0.000000s ]
INFO: [ app_begin ] --START--
INFO: Run Behavior\ReadHtmlCacheBehavior [ RunTime:0.001000s ]
INFO: [ app_begin ] --END-- [ RunTime:0.001000s ]
SQL: SHOW COLUMNS FROM `wfx_set` [ RunTime:0.0060s ]
SQL: SELECT * FROM `wfx_set` LIMIT 1   [ RunTime:0.0000s ]
NOTIC: [8] Undefined index: employee E:\xampp\htdocs\shop\Application\App\Controller\BaseController.class.php 第 32 行.
SQL: SHOW COLUMNS FROM `wfx_vip` [ RunTime:0.0050s ]
SQL: SELECT * FROM `wfx_vip` WHERE `openid` = 'oojFxs4s3PSZVjL-X5UpFPhNfG0c' LIMIT 1   [ RunTime:0.0000s ]
SQL: SHOW COLUMNS FROM `wfx_vip_set` [ RunTime:0.0060s ]
SQL: SELECT * FROM `wfx_vip_set` LIMIT 1   [ RunTime:0.0120s ]
SQL: SHOW COLUMNS FROM `wfx_shop_set` [ RunTime:0.0060s ]
SQL: SELECT * FROM `wfx_shop_set` LIMIT 1   [ RunTime:0.0080s ]
SQL: SELECT * FROM `wfx_shop_set` WHERE ( id=1 ) LIMIT 1   [ RunTime:0.0000s ]
SQL: SHOW COLUMNS FROM `wfx_upload_img` [ RunTime:0.0060s ]
SQL: SELECT * FROM `wfx_upload_img` WHERE `id` = 135 LIMIT 1   [ RunTime:0.0010s ]
SQL: SHOW COLUMNS FROM `wfx_shop_goods` [ RunTime:0.0060s ]
SQL: SHOW COLUMNS FROM `wfx_shop_group` [ RunTime:0.0050s ]
SQL: SELECT * FROM `wfx_shop_group` WHERE `status` = 1 LIMIT 1   [ RunTime:0.0000s ]
SQL: SELECT * FROM `wfx_shop_goods` WHERE `id` IN ('10','15')  [ RunTime:0.0010s ]
SQL: SELECT * FROM `wfx_upload_img` WHERE `id` = 154 LIMIT 1   [ RunTime:0.0000s ]
SQL: SELECT * FROM `wfx_upload_img` WHERE `id` = 157 LIMIT 1   [ RunTime:0.0000s ]
SQL: SELECT * FROM `wfx_shop_goods` WHERE `status` = 1 ORDER BY sorts desc  [ RunTime:0.0000s ]
SQL: SELECT * FROM `wfx_upload_img` WHERE `id` = 154 LIMIT 1   [ RunTime:0.0000s ]
SQL: SELECT * FROM `wfx_upload_img` WHERE `id` = 157 LIMIT 1   [ RunTime:0.0010s ]
SQL: SELECT * FROM `wfx_upload_img` WHERE `id` = 160 LIMIT 1   [ RunTime:0.0000s ]
SQL: SELECT * FROM `wfx_upload_img` WHERE `id` = 160 LIMIT 1   [ RunTime:0.0000s ]
SQL: SHOW COLUMNS FROM `wfx_shop_cate` [ RunTime:0.0050s ]
SQL: SELECT * FROM `wfx_shop_cate` WHERE `id` IN ('20','21','22','23','24','25','27') ORDER BY rank desc  [ RunTime:0.0000s ]
SQL: SELECT * FROM `wfx_upload_img` WHERE `id` = 148 LIMIT 1   [ RunTime:0.0000s ]
SQL: SELECT * FROM `wfx_upload_img` WHERE `id` = 149 LIMIT 1   [ RunTime:0.0000s ]
SQL: SELECT * FROM `wfx_upload_img` WHERE `id` = 167 LIMIT 1   [ RunTime:0.0000s ]
SQL: SELECT * FROM `wfx_upload_img` WHERE `id` = 166 LIMIT 1   [ RunTime:0.0000s ]
SQL: SELECT * FROM `wfx_upload_img` WHERE `id` = 166 LIMIT 1   [ RunTime:0.0000s ]
SQL: SELECT * FROM `wfx_upload_img` WHERE `id` = 167 LIMIT 1   [ RunTime:0.0000s ]
SQL: SHOW COLUMNS FROM `wfx_shop_ads` [ RunTime:0.0050s ]
SQL: SELECT * FROM `wfx_shop_ads` WHERE ( id )  [ RunTime:0.0330s ]
SQL: SELECT * FROM `wfx_upload_img` WHERE `id` = 137 LIMIT 1   [ RunTime:0.0000s ]
SQL: SELECT * FROM `wfx_upload_img` WHERE `id` = 165 LIMIT 1   [ RunTime:0.0010s ]
INFO: [ view_parse ] --START--
INFO: [ template_filter ] --START--
INFO: Run Behavior\ContentReplaceBehavior [ RunTime:0.000000s ]
INFO: [ template_filter ] --END-- [ RunTime:0.000000s ]
NOTIC: [8] Undefined variable: actname E:\xampp\htdocs\shop\Application\Runtime\Cache\App\b56b8082e02b1b878a28f8cba0cac826.php 第 233 行.
INFO: Run Behavior\ParseTemplateBehavior [ RunTime:0.018002s ]
INFO: [ view_parse ] --END-- [ RunTime:0.018002s ]
INFO: [ view_filter ] --START--
INFO: Run Behavior\WriteHtmlCacheBehavior [ RunTime:0.001000s ]
INFO: [ view_filter ] --END-- [ RunTime:0.001000s ]
INFO: [ app_end ] --START--
INFO: Run Behavior\ShowPageTraceBehavior [ RunTime:0.001000s ]
INFO: [ app_end ] --END-- [ RunTime:0.001000s ]

[ 2018-02-09T17:44:58+08:00 ] 192.168.2.143 /shop/App/Vip/index
INFO: [ app_init ] --START--
INFO: Run Behavior\BuildLiteBehavior [ RunTime:0.000000s ]
INFO: [ app_init ] --END-- [ RunTime:0.000000s ]
INFO: [ app_begin ] --START--
INFO: Run Behavior\ReadHtmlCacheBehavior [ RunTime:0.001000s ]
INFO: [ app_begin ] --END-- [ RunTime:0.001000s ]
SQL: SHOW COLUMNS FROM `wfx_set` [ RunTime:0.0050s ]
SQL: SELECT * FROM `wfx_set` LIMIT 1   [ RunTime:0.0000s ]
NOTIC: [8] Undefined index: ppid E:\xampp\htdocs\shop\Application\App\Controller\BaseController.class.php 第 31 行.
NOTIC: [8] Undefined index: employee E:\xampp\htdocs\shop\Application\App\Controller\BaseController.class.php 第 32 行.
SQL: SHOW COLUMNS FROM `wfx_vip` [ RunTime:0.0060s ]
SQL: SELECT * FROM `wfx_vip` WHERE `openid` = 'oojFxs4s3PSZVjL-X5UpFPhNfG0c' LIMIT 1   [ RunTime:0.0000s ]
SQL: SHOW COLUMNS FROM `wfx_vip_set` [ RunTime:0.0060s ]
SQL: SELECT * FROM `wfx_vip_set` LIMIT 1   [ RunTime:0.0010s ]
SQL: SHOW COLUMNS FROM `wfx_shop_set` [ RunTime:0.0060s ]
SQL: SELECT * FROM `wfx_shop_set` LIMIT 1   [ RunTime:0.0000s ]
NOTIC: [2048] Declaration of Common\Model\CashbackModel::add() should be compatible with Think\Model::add($data = '', $options = Array, $replace = false) E:\xampp\htdocs\shop\Application\Common\Model\CashbackModel.class.php 第 7 行.
SQL: SHOW COLUMNS FROM `wfx_cashback` [ RunTime:0.0060s ]
NOTIC: [8] Undefined index: limit E:\xampp\htdocs\shop\ThinkPHP\Library\Think\Db\Driver.class.php 第 950 行.
SQL: SELECT * FROM `wfx_cashback` WHERE `vip_id` = 2 ORDER BY id desc LIMIT 0,20   [ RunTime:0.0000s ]
SQL: SHOW COLUMNS FROM `wfx_vip_level` [ RunTime:0.0060s ]
SQL: SELECT `name` FROM `wfx_vip_level` WHERE ( id=1 ) LIMIT 1   [ RunTime:0.0000s ]
SQL: SHOW COLUMNS FROM `wfx_vip_monthexp` [ RunTime:0.0070s ]
SQL: SELECT * FROM `wfx_vip_monthexp` WHERE `month` = '2018-1' AND `vipid` = 2 LIMIT 1   [ RunTime:0.0010s ]
SQL: SHOW COLUMNS FROM `wfx_vip_message` [ RunTime:0.0070s ]
SQL: SELECT * FROM `wfx_vip_message`  [ RunTime:0.0000s ]
SQL: SELECT * FROM `wfx_vip_message` WHERE `id` IN ('','33','34')  [ RunTime:0.0000s ]
SQL: SHOW COLUMNS FROM `wfx_vip_log` [ RunTime:0.0070s ]
SQL: SELECT * FROM `wfx_vip_log` WHERE ( vipid=2 and type=5 )  [ RunTime:0.0020s ]
SQL: SELECT * FROM `wfx_vip` WHERE `id` = 2 LIMIT 1   [ RunTime:0.0000s ]
SQL: SHOW COLUMNS FROM `wfx_vip_card` [ RunTime:0.0070s ]
SQL: SELECT COUNT(*) AS tp_count FROM `wfx_vip_card` WHERE `etime` >= 1518105600 AND `vipid` = 2 AND `status` = 1 LIMIT 1   [ RunTime:0.0000s ]
SQL: SELECT * FROM `wfx_vip` WHERE ( id=0 ) LIMIT 1   [ RunTime:0.0010s ]
INFO: [ view_parse ] --START--
INFO: [ template_filter ] --START--
INFO: Run Behavior\ContentReplaceBehavior [ RunTime:0.000000s ]
INFO: [ template_filter ] --END-- [ RunTime:0.000000s ]
NOTIC: [8] Undefined variable: showfather E:\xampp\htdocs\shop\Application\Runtime\Cache\App\a18ac47877ff27f7f441cda9c1d7167a.php 第 61 行.
INFO: Run Behavior\ParseTemplateBehavior [ RunTime:0.012001s ]
INFO: [ view_parse ] --END-- [ RunTime:0.012001s ]
INFO: [ view_filter ] --START--
INFO: Run Behavior\WriteHtmlCacheBehavior [ RunTime:0.001000s ]
INFO: [ view_filter ] --END-- [ RunTime:0.001000s ]
INFO: [ app_end ] --START--
INFO: Run Behavior\ShowPageTraceBehavior [ RunTime:0.001000s ]
INFO: [ app_end ] --END-- [ RunTime:0.001000s ]

