[ 2018-02-12T08:11:58+08:00 ] ::1 /shop/Admin/Index/main
INFO: [ app_init ] --START--
INFO: Run Behavior\BuildLiteBehavior [ RunTime:0.000000s ]
INFO: [ app_init ] --END-- [ RunTime:0.001000s ]
INFO: [ app_begin ] --START--
INFO: Run Behavior\ReadHtmlCacheBehavior [ RunTime:0.001000s ]
INFO: [ app_begin ] --END-- [ RunTime:0.001000s ]
SQL: SHOW COLUMNS FROM `wfx_set` [ RunTime:0.0070s ]
SQL: SELECT * FROM `wfx_set` LIMIT 1   [ RunTime:0.0010s ]
SQL: SHOW COLUMNS FROM `wfx_cms_set` [ RunTime:0.0070s ]
SQL: SELECT * FROM `wfx_cms_set` LIMIT 1   [ RunTime:0.0280s ]
SQL: SHOW COLUMNS FROM `wfx_shop_set` [ RunTime:0.0090s ]
SQL: SELECT * FROM `wfx_shop_set` LIMIT 1   [ RunTime:0.0010s ]
INFO: [ view_parse ] --START--
INFO: [ template_filter ] --START--
INFO: Run Behavior\ContentReplaceBehavior [ RunTime:0.000000s ]
INFO: [ template_filter ] --END-- [ RunTime:0.001000s ]
INFO: Run Behavior\ParseTemplateBehavior [ RunTime:0.015001s ]
INFO: [ view_parse ] --END-- [ RunTime:0.015001s ]
INFO: [ view_filter ] --START--
INFO: Run Behavior\WriteHtmlCacheBehavior [ RunTime:0.000000s ]
INFO: [ view_filter ] --END-- [ RunTime:0.000000s ]
SQL: SHOW COLUMNS FROM `wfx_vip` [ RunTime:0.0050s ]
SQL: SELECT COUNT(*) AS tp_count FROM `wfx_vip` LIMIT 1   [ RunTime:0.0010s ]
SQL: SELECT COUNT(*) AS tp_count FROM `wfx_vip` WHERE ( subscribe=1 ) LIMIT 1   [ RunTime:0.0010s ]
SQL: SELECT COUNT(*) AS tp_count FROM `wfx_vip` WHERE `ctime` BETWEEN 1518364800 AND 1518451199 LIMIT 1   [ RunTime:0.0000s ]
SQL: SELECT COUNT(*) AS tp_count FROM `wfx_vip` WHERE `ctime` BETWEEN 1518278400 AND 1518364799 LIMIT 1   [ RunTime:0.0010s ]
SQL: SHOW COLUMNS FROM `wfx_shop_order` [ RunTime:0.0080s ]
SQL: SELECT COUNT(*) AS tp_count FROM `wfx_shop_order` LIMIT 1   [ RunTime:0.0010s ]
SQL: SELECT COUNT(*) AS tp_count FROM `wfx_shop_order` WHERE ( status=0 ) LIMIT 1   [ RunTime:0.0000s ]
SQL: SELECT COUNT(*) AS tp_count FROM `wfx_shop_order` WHERE ( status=1 ) LIMIT 1   [ RunTime:0.0010s ]
SQL: SELECT COUNT(*) AS tp_count FROM `wfx_shop_order` WHERE ( status=2 ) LIMIT 1   [ RunTime:0.0000s ]
SQL: SELECT COUNT(*) AS tp_count FROM `wfx_shop_order` WHERE ( status=3 ) LIMIT 1   [ RunTime:0.0000s ]
SQL: SELECT COUNT(*) AS tp_count FROM `wfx_shop_order` WHERE ( status=4 ) LIMIT 1   [ RunTime:0.0010s ]
SQL: SELECT COUNT(*) AS tp_count FROM `wfx_shop_order` WHERE ( status=5 ) LIMIT 1   [ RunTime:0.0000s ]
SQL: SELECT COUNT(*) AS tp_count FROM `wfx_shop_order` WHERE ( status=6 ) LIMIT 1   [ RunTime:0.0000s ]
SQL: SELECT COUNT(*) AS tp_count FROM `wfx_shop_order` WHERE `ctime` BETWEEN 1518364800 AND 1518451199 LIMIT 1   [ RunTime:0.0010s ]
SQL: SELECT COUNT(*) AS tp_count FROM `wfx_shop_order` WHERE `ctime` BETWEEN 1518278400 AND 1518364799 LIMIT 1   [ RunTime:0.0000s ]
SQL: SHOW COLUMNS FROM `wfx_fx_syslog` [ RunTime:0.0060s ]
SQL: SELECT SUM(fxyj) AS tp_sum FROM `wfx_fx_syslog` LIMIT 1   [ RunTime:0.0000s ]
SQL: SELECT SUM(fxyj) AS tp_sum FROM `wfx_fx_syslog` WHERE `ctime` BETWEEN 1518364800 AND 1518451199 LIMIT 1   [ RunTime:0.0000s ]
SQL: SELECT SUM(fxyj) AS tp_sum FROM `wfx_fx_syslog` WHERE `ctime` BETWEEN 1518278400 AND 1518364799 LIMIT 1   [ RunTime:0.0000s ]
NOTIC: [2] Division by zero E:\xampp\htdocs\shop\Application\Admin\Controller\IndexController.class.php 第 138 行.
SQL: SELECT COUNT(*) AS tp_count FROM `wfx_vip` WHERE `isfx` = 0 AND `isfxgd` = 0 LIMIT 1   [ RunTime:0.0000s ]
SQL: SELECT COUNT(*) AS tp_count FROM `wfx_vip` WHERE `isfx` = 1 AND `isfxgd` = 0 LIMIT 1   [ RunTime:0.0010s ]
SQL: SELECT COUNT(*) AS tp_count FROM `wfx_vip` WHERE ( isfxgd=1 ) LIMIT 1   [ RunTime:0.0010s ]
SQL: SHOW COLUMNS FROM `wfx_vip_log_sub` [ RunTime:0.0050s ]
SQL: SELECT * FROM `wfx_vip_log_sub` ORDER BY ctime desc LIMIT 5   [ RunTime:0.0270s ]
SQL: SELECT * FROM `wfx_vip` WHERE ( id=1132 ) LIMIT 1   [ RunTime:0.0010s ]
SQL: SELECT * FROM `wfx_vip` WHERE ( id=1131 ) LIMIT 1   [ RunTime:0.0000s ]
SQL: SELECT * FROM `wfx_vip` WHERE ( id=1131 ) LIMIT 1   [ RunTime:0.0010s ]
SQL: SELECT * FROM `wfx_vip` WHERE ( id=1130 ) LIMIT 1   [ RunTime:0.0000s ]
SQL: SELECT * FROM `wfx_vip` WHERE ( id=1129 ) LIMIT 1   [ RunTime:0.0010s ]
SQL: SELECT * FROM `wfx_fx_syslog` ORDER BY ctime desc LIMIT 5   [ RunTime:0.0000s ]
SQL: SELECT * FROM `wfx_vip` WHERE ( id=122 ) LIMIT 1   [ RunTime:0.0000s ]
SQL: SELECT * FROM `wfx_vip` WHERE ( id=122 ) LIMIT 1   [ RunTime:0.0000s ]
SQL: SELECT * FROM `wfx_vip` WHERE ( id=122 ) LIMIT 1   [ RunTime:0.0000s ]
SQL: SELECT * FROM `wfx_vip` WHERE ( id=4 ) LIMIT 1   [ RunTime:0.0010s ]
SQL: SHOW COLUMNS FROM `wfx_fx_log_tj` [ RunTime:0.0070s ]
SQL: SELECT * FROM `wfx_fx_log_tj` ORDER BY ctime desc LIMIT 5   [ RunTime:0.0010s ]
SQL: SELECT * FROM `wfx_shop_order` WHERE `ispay` = 1 AND `status` = 2 ORDER BY ctime desc LIMIT 5   [ RunTime:0.0010s ]
SQL: SELECT * FROM `wfx_vip` WHERE ( id=517 ) LIMIT 1   [ RunTime:0.0010s ]
SQL: SELECT * FROM `wfx_vip` WHERE ( id=122 ) LIMIT 1   [ RunTime:0.0000s ]
SQL: SELECT * FROM `wfx_vip` WHERE ( id=662 ) LIMIT 1   [ RunTime:0.0000s ]
SQL: SELECT * FROM `wfx_vip` WHERE ( id=749 ) LIMIT 1   [ RunTime:0.0010s ]
SQL: SELECT * FROM `wfx_vip` WHERE ( id=1053 ) LIMIT 1   [ RunTime:0.0000s ]
SQL: SELECT SUM(totalprice) AS tp_sum FROM `wfx_shop_order` WHERE `ispay` = 1 LIMIT 1   [ RunTime:0.0010s ]
SQL: SELECT SUM(totalprice) AS tp_sum FROM `wfx_shop_order` WHERE `status` = 5 LIMIT 1   [ RunTime:0.0010s ]
SQL: SELECT SUM(totalnum) AS tp_sum FROM `wfx_shop_order` WHERE `ispay` = 1 LIMIT 1   [ RunTime:0.0010s ]
SQL: SHOW COLUMNS FROM `wfx_vip_tx` [ RunTime:0.0070s ]
SQL: SELECT SUM(txprice) AS tp_sum FROM `wfx_vip_tx` WHERE `status` = 2 LIMIT 1   [ RunTime:0.0000s ]
INFO: [ view_parse ] --START--
INFO: [ template_filter ] --START--
INFO: Run Behavior\ContentReplaceBehavior [ RunTime:0.000000s ]
INFO: [ template_filter ] --END-- [ RunTime:-0.161009s ]
INFO: Run Behavior\ParseTemplateBehavior [ RunTime:0.068004s ]
INFO: [ view_parse ] --END-- [ RunTime:-0.096005s ]
INFO: [ view_filter ] --START--
INFO: Run Behavior\WriteHtmlCacheBehavior [ RunTime:0.000000s ]
INFO: [ view_filter ] --END-- [ RunTime:-0.164009s ]
INFO: [ app_end ] --START--
INFO: Run Behavior\ShowPageTraceBehavior [ RunTime:0.002001s ]
INFO: [ app_end ] --END-- [ RunTime:0.002001s ]

[ 2018-02-12T08:51:52+08:00 ] ::1 /shop/Admin/User/userList
INFO: [ app_init ] --START--
INFO: Run Behavior\BuildLiteBehavior [ RunTime:0.000000s ]
INFO: [ app_init ] --END-- [ RunTime:0.000000s ]
INFO: [ app_begin ] --START--
INFO: Run Behavior\ReadHtmlCacheBehavior [ RunTime:0.001000s ]
INFO: [ app_begin ] --END-- [ RunTime:0.001000s ]
SQL: SHOW COLUMNS FROM `wfx_set` [ RunTime:0.0060s ]
SQL: SELECT * FROM `wfx_set` LIMIT 1   [ RunTime:0.0000s ]
SQL: SHOW COLUMNS FROM `wfx_cms_set` [ RunTime:0.0050s ]
SQL: SELECT * FROM `wfx_cms_set` LIMIT 1   [ RunTime:0.0000s ]
SQL: SHOW COLUMNS FROM `wfx_shop_set` [ RunTime:0.0050s ]
SQL: SELECT * FROM `wfx_shop_set` LIMIT 1   [ RunTime:0.0010s ]
INFO: [ view_parse ] --START--
INFO: [ template_filter ] --START--
INFO: Run Behavior\ContentReplaceBehavior [ RunTime:0.000000s ]
INFO: [ template_filter ] --END-- [ RunTime:0.000000s ]
INFO: Run Behavior\ParseTemplateBehavior [ RunTime:0.007001s ]
INFO: [ view_parse ] --END-- [ RunTime:0.007001s ]
INFO: [ view_filter ] --START--
INFO: Run Behavior\WriteHtmlCacheBehavior [ RunTime:0.001000s ]
INFO: [ view_filter ] --END-- [ RunTime:0.001000s ]
SQL: SHOW COLUMNS FROM `wfx_user` [ RunTime:0.0080s ]
NOTIC: [8] Undefined index: p E:\xampp\htdocs\shop\Application\Admin\Controller\UserController.class.php 第 30 行.
NOTIC: [8] Undefined variable: map E:\xampp\htdocs\shop\Application\Admin\Controller\UserController.class.php 第 37 行.
SQL: SELECT * FROM `wfx_user` LIMIT 0,20   [ RunTime:0.0300s ]
NOTIC: [8] Undefined variable: map E:\xampp\htdocs\shop\Application\Admin\Controller\UserController.class.php 第 38 行.
SQL: SELECT COUNT(*) AS tp_count FROM `wfx_user` LIMIT 1   [ RunTime:0.0010s ]
NOTIC: [2] Missing argument 6 for Admin\Controller\BaseController::getPage(), called in E:\xampp\htdocs\shop\Application\Admin\Controller\UserController.class.php on line 39 and defined E:\xampp\htdocs\shop\Application\Admin\Controller\BaseController.class.php 第 91 行.
NOTIC: [8] Undefined variable: map E:\xampp\htdocs\shop\Application\Admin\Controller\BaseController.class.php 第 103 行.
INFO: [ view_parse ] --START--
INFO: [ template_filter ] --START--
INFO: Run Behavior\ContentReplaceBehavior [ RunTime:0.000000s ]
INFO: [ template_filter ] --END-- [ RunTime:-0.055003s ]
NOTIC: [8] Undefined variable: name E:\xampp\htdocs\shop\Application\Runtime\Cache\Admin\68a97b14a62a08ef5636be6b8ce3fefe.php 第 30 行.
INFO: Run Behavior\ParseTemplateBehavior [ RunTime:0.015001s ]
INFO: [ view_parse ] --END-- [ RunTime:-0.042002s ]
INFO: [ view_filter ] --START--
INFO: Run Behavior\WriteHtmlCacheBehavior [ RunTime:0.000000s ]
INFO: [ view_filter ] --END-- [ RunTime:-0.056003s ]
INFO: [ app_end ] --START--
INFO: Run Behavior\ShowPageTraceBehavior [ RunTime:0.001000s ]
INFO: [ app_end ] --END-- [ RunTime:0.001000s ]

[ 2018-02-12T08:51:53+08:00 ] ::1 /shop/Admin/Wx/set
INFO: [ app_init ] --START--
INFO: Run Behavior\BuildLiteBehavior [ RunTime:0.000000s ]
INFO: [ app_init ] --END-- [ RunTime:0.001000s ]
INFO: [ app_begin ] --START--
INFO: Run Behavior\ReadHtmlCacheBehavior [ RunTime:0.000000s ]
INFO: [ app_begin ] --END-- [ RunTime:0.000000s ]
SQL: SHOW COLUMNS FROM `wfx_set` [ RunTime:0.0050s ]
SQL: SELECT * FROM `wfx_set` LIMIT 1   [ RunTime:0.0010s ]
SQL: SHOW COLUMNS FROM `wfx_cms_set` [ RunTime:0.0050s ]
SQL: SELECT * FROM `wfx_cms_set` LIMIT 1   [ RunTime:0.0010s ]
SQL: SHOW COLUMNS FROM `wfx_shop_set` [ RunTime:0.0050s ]
SQL: SELECT * FROM `wfx_shop_set` LIMIT 1   [ RunTime:0.0000s ]
INFO: [ view_parse ] --START--
INFO: [ template_filter ] --START--
INFO: Run Behavior\ContentReplaceBehavior [ RunTime:0.000000s ]
INFO: [ template_filter ] --END-- [ RunTime:0.000000s ]
INFO: Run Behavior\ParseTemplateBehavior [ RunTime:0.007001s ]
INFO: [ view_parse ] --END-- [ RunTime:0.007001s ]
INFO: [ view_filter ] --START--
INFO: Run Behavior\WriteHtmlCacheBehavior [ RunTime:0.001000s ]
INFO: [ view_filter ] --END-- [ RunTime:0.001000s ]
SQL: SELECT * FROM `wfx_set` LIMIT 1   [ RunTime:0.0000s ]
INFO: [ view_parse ] --START--
INFO: [ template_filter ] --START--
INFO: Run Behavior\ContentReplaceBehavior [ RunTime:0.000000s ]
INFO: [ template_filter ] --END-- [ RunTime:-0.006000s ]
INFO: Run Behavior\ParseTemplateBehavior [ RunTime:0.006000s ]
INFO: [ view_parse ] --END-- [ RunTime:-0.001000s ]
INFO: [ view_filter ] --START--
INFO: Run Behavior\WriteHtmlCacheBehavior [ RunTime:0.000000s ]
INFO: [ view_filter ] --END-- [ RunTime:-0.006000s ]
INFO: [ app_end ] --START--
INFO: Run Behavior\ShowPageTraceBehavior [ RunTime:0.001000s ]
INFO: [ app_end ] --END-- [ RunTime:0.001000s ]

[ 2018-02-12T08:52:18+08:00 ] ::1 /shop/Admin/Index/appImgviewer
INFO: [ app_init ] --START--
INFO: Run Behavior\BuildLiteBehavior [ RunTime:0.000000s ]
INFO: [ app_init ] --END-- [ RunTime:0.000000s ]
INFO: [ app_begin ] --START--
INFO: Run Behavior\ReadHtmlCacheBehavior [ RunTime:0.001000s ]
INFO: [ app_begin ] --END-- [ RunTime:0.001000s ]
SQL: SHOW COLUMNS FROM `wfx_set` [ RunTime:0.0060s ]
SQL: SELECT * FROM `wfx_set` LIMIT 1   [ RunTime:0.0000s ]
SQL: SHOW COLUMNS FROM `wfx_cms_set` [ RunTime:0.0050s ]
SQL: SELECT * FROM `wfx_cms_set` LIMIT 1   [ RunTime:0.0000s ]
SQL: SHOW COLUMNS FROM `wfx_shop_set` [ RunTime:0.0070s ]
SQL: SELECT * FROM `wfx_shop_set` LIMIT 1   [ RunTime:0.0010s ]
SQL: SHOW COLUMNS FROM `wfx_upload_img` [ RunTime:0.0050s ]
SQL: SELECT * FROM `wfx_upload_img` WHERE `id` IN ('167','')  [ RunTime:0.0010s ]
INFO: [ view_parse ] --START--
INFO: [ template_filter ] --START--
INFO: Run Behavior\ContentReplaceBehavior [ RunTime:0.000000s ]
INFO: [ template_filter ] --END-- [ RunTime:0.000000s ]
INFO: Run Behavior\ParseTemplateBehavior [ RunTime:0.007001s ]
INFO: [ view_parse ] --END-- [ RunTime:0.008001s ]
INFO: [ view_filter ] --START--
INFO: Run Behavior\WriteHtmlCacheBehavior [ RunTime:0.000000s ]
INFO: [ view_filter ] --END-- [ RunTime:0.000000s ]

[ 2018-02-12T08:52:32+08:00 ] ::1 /shop/Admin/Wx/set
INFO: [ app_init ] --START--
INFO: Run Behavior\BuildLiteBehavior [ RunTime:0.000000s ]
INFO: [ app_init ] --END-- [ RunTime:0.002000s ]
INFO: [ app_begin ] --START--
INFO: Run Behavior\ReadHtmlCacheBehavior [ RunTime:0.004000s ]
INFO: [ app_begin ] --END-- [ RunTime:0.004000s ]
SQL: SHOW COLUMNS FROM `wfx_set` [ RunTime:0.0080s ]
SQL: SELECT * FROM `wfx_set` LIMIT 1   [ RunTime:0.0010s ]
SQL: SHOW COLUMNS FROM `wfx_cms_set` [ RunTime:0.0080s ]
SQL: SELECT * FROM `wfx_cms_set` LIMIT 1   [ RunTime:0.0010s ]
SQL: SHOW COLUMNS FROM `wfx_shop_set` [ RunTime:0.0060s ]
SQL: SELECT * FROM `wfx_shop_set` LIMIT 1   [ RunTime:0.0000s ]
INFO: [ view_parse ] --START--
INFO: [ template_filter ] --START--
INFO: Run Behavior\ContentReplaceBehavior [ RunTime:0.001000s ]
INFO: [ template_filter ] --END-- [ RunTime:0.001000s ]
INFO: Run Behavior\ParseTemplateBehavior [ RunTime:0.010000s ]
INFO: [ view_parse ] --END-- [ RunTime:0.010000s ]
INFO: [ view_filter ] --START--
INFO: Run Behavior\WriteHtmlCacheBehavior [ RunTime:0.000000s ]
INFO: [ view_filter ] --END-- [ RunTime:0.000000s ]
SQL: SELECT * FROM `wfx_set` LIMIT 1   [ RunTime:0.0010s ]
SQL: UPDATE `wfx_set` SET `wxname`='益缘购网络商城',`wxsummary`='为什么选择我们？ 1.系统流畅度，系统安全性，系统承载能力以及系统美观度。 2.强大的用户基础，绝佳的用户体验，以及开源社区的支持。 客服QQ：2034210985  体验中心：http://mp.weixin.qq.com/mp/homepage?__biz=MzAxMDUzOTkzOA==&amp;hid=1&amp;sn=f03443db76e087b88905e4f0dd8686b6#wechat_redirect',`wxswitch`='0',`wxpicture`='167,',`wxdebug`='1',`wxurl`='http://1.wemallshop.com/wfx',`wxtoken`='wemall',`wxsuburl`='http://mp.weixin.qq.com/s?__biz=MzAxMDUzOTkzOA==&amp;mid=209759798&amp;idx=1&amp;sn=39c1381f064685aa591bce16faac11f3#rd',`wxappid`='wxf12e57432f877ccf',`wxappsecret`='56da98026ab49e1ec8b8f9ad887dcac5',`wxmchid`='1111',`wxmchkey`='1' WHERE `id` = 1 [ RunTime:0.0810s ]

[ 2018-02-12T08:52:32+08:00 ] ::1 /shop/Admin/Index/index
INFO: [ app_init ] --START--
INFO: Run Behavior\BuildLiteBehavior [ RunTime:0.000000s ]
INFO: [ app_init ] --END-- [ RunTime:0.001001s ]
INFO: [ app_begin ] --START--
INFO: Run Behavior\ReadHtmlCacheBehavior [ RunTime:0.001000s ]
INFO: [ app_begin ] --END-- [ RunTime:0.001000s ]
SQL: SHOW COLUMNS FROM `wfx_set` [ RunTime:0.0090s ]
SQL: SELECT * FROM `wfx_set` LIMIT 1   [ RunTime:0.0010s ]
SQL: SHOW COLUMNS FROM `wfx_cms_set` [ RunTime:0.0070s ]
SQL: SELECT * FROM `wfx_cms_set` LIMIT 1   [ RunTime:0.0010s ]
SQL: SHOW COLUMNS FROM `wfx_shop_set` [ RunTime:0.0100s ]
SQL: SELECT * FROM `wfx_shop_set` LIMIT 1   [ RunTime:0.0010s ]
SQL: SHOW COLUMNS FROM `wfx_user_oath` [ RunTime:0.0090s ]
SQL: SELECT * FROM `wfx_user_oath`  [ RunTime:0.0190s ]
INFO: [ view_parse ] --START--
INFO: [ template_filter ] --START--
INFO: Run Behavior\ContentReplaceBehavior [ RunTime:0.001000s ]
INFO: [ template_filter ] --END-- [ RunTime:0.001000s ]
INFO: Run Behavior\ParseTemplateBehavior [ RunTime:0.033002s ]
INFO: [ view_parse ] --END-- [ RunTime:0.033002s ]
INFO: [ view_filter ] --START--
INFO: Run Behavior\WriteHtmlCacheBehavior [ RunTime:0.001000s ]
INFO: [ view_filter ] --END-- [ RunTime:0.001000s ]
INFO: [ app_end ] --START--
INFO: Run Behavior\ShowPageTraceBehavior [ RunTime:0.000000s ]
INFO: [ app_end ] --END-- [ RunTime:0.001000s ]

[ 2018-02-12T08:52:59+08:00 ] ::1 /shop/Admin/Shop/set
INFO: [ app_init ] --START--
INFO: Run Behavior\BuildLiteBehavior [ RunTime:0.000000s ]
INFO: [ app_init ] --END-- [ RunTime:0.001000s ]
INFO: [ app_begin ] --START--
INFO: Run Behavior\ReadHtmlCacheBehavior [ RunTime:0.001000s ]
INFO: [ app_begin ] --END-- [ RunTime:0.001000s ]
SQL: SHOW COLUMNS FROM `wfx_set` [ RunTime:0.0050s ]
SQL: SELECT * FROM `wfx_set` LIMIT 1   [ RunTime:0.0000s ]
SQL: SHOW COLUMNS FROM `wfx_cms_set` [ RunTime:0.0050s ]
SQL: SELECT * FROM `wfx_cms_set` LIMIT 1   [ RunTime:0.0000s ]
SQL: SHOW COLUMNS FROM `wfx_shop_set` [ RunTime:0.0060s ]
SQL: SELECT * FROM `wfx_shop_set` LIMIT 1   [ RunTime:0.0010s ]
SQL: SELECT * FROM `wfx_shop_set` LIMIT 1   [ RunTime:0.0000s ]
SQL: SHOW COLUMNS FROM `wfx_vip_set` [ RunTime:0.0050s ]
SQL: SELECT * FROM `wfx_vip_set` LIMIT 1   [ RunTime:0.0010s ]
INFO: [ view_parse ] --START--
INFO: [ template_filter ] --START--
INFO: Run Behavior\ContentReplaceBehavior [ RunTime:0.000000s ]
INFO: [ template_filter ] --END-- [ RunTime:0.000000s ]
INFO: Run Behavior\ParseTemplateBehavior [ RunTime:0.009000s ]
INFO: [ view_parse ] --END-- [ RunTime:0.009000s ]
INFO: [ view_filter ] --START--
INFO: Run Behavior\WriteHtmlCacheBehavior [ RunTime:0.000000s ]
INFO: [ view_filter ] --END-- [ RunTime:0.000000s ]
SQL: SELECT * FROM `wfx_shop_set` WHERE ( id=1 ) LIMIT 1   [ RunTime:0.0010s ]
INFO: [ view_parse ] --START--
INFO: [ template_filter ] --START--
INFO: Run Behavior\ContentReplaceBehavior [ RunTime:0.000000s ]
INFO: [ template_filter ] --END-- [ RunTime:-0.008000s ]
INFO: Run Behavior\ParseTemplateBehavior [ RunTime:0.006000s ]
INFO: [ view_parse ] --END-- [ RunTime:-0.001000s ]
INFO: [ view_filter ] --START--
INFO: Run Behavior\WriteHtmlCacheBehavior [ RunTime:0.000000s ]
INFO: [ view_filter ] --END-- [ RunTime:-0.007000s ]
INFO: [ app_end ] --START--
INFO: Run Behavior\ShowPageTraceBehavior [ RunTime:0.001000s ]
INFO: [ app_end ] --END-- [ RunTime:0.001000s ]

[ 2018-02-12T08:53:11+08:00 ] ::1 /shop/Admin/Index/appImgviewer
INFO: [ app_init ] --START--
INFO: Run Behavior\BuildLiteBehavior [ RunTime:0.000000s ]
INFO: [ app_init ] --END-- [ RunTime:0.001000s ]
INFO: [ app_begin ] --START--
INFO: Run Behavior\ReadHtmlCacheBehavior [ RunTime:0.001000s ]
INFO: [ app_begin ] --END-- [ RunTime:0.001000s ]
SQL: SHOW COLUMNS FROM `wfx_set` [ RunTime:0.0080s ]
SQL: SELECT * FROM `wfx_set` LIMIT 1   [ RunTime:0.0010s ]
SQL: SHOW COLUMNS FROM `wfx_cms_set` [ RunTime:0.0070s ]
SQL: SELECT * FROM `wfx_cms_set` LIMIT 1   [ RunTime:0.0000s ]
SQL: SHOW COLUMNS FROM `wfx_shop_set` [ RunTime:0.0070s ]
SQL: SELECT * FROM `wfx_shop_set` LIMIT 1   [ RunTime:0.0010s ]
SQL: SHOW COLUMNS FROM `wfx_upload_img` [ RunTime:0.0080s ]
SQL: SELECT * FROM `wfx_upload_img` WHERE `id` IN ('135')  [ RunTime:0.0010s ]
INFO: [ view_parse ] --START--
INFO: [ template_filter ] --START--
INFO: Run Behavior\ContentReplaceBehavior [ RunTime:0.000000s ]
INFO: [ template_filter ] --END-- [ RunTime:0.000000s ]
INFO: Run Behavior\ParseTemplateBehavior [ RunTime:0.013001s ]
INFO: [ view_parse ] --END-- [ RunTime:0.013001s ]
INFO: [ view_filter ] --START--
INFO: Run Behavior\WriteHtmlCacheBehavior [ RunTime:0.000000s ]
INFO: [ view_filter ] --END-- [ RunTime:0.000000s ]

[ 2018-02-12T08:53:49+08:00 ] ::1 /shop/Admin/Shop/set
INFO: [ app_init ] --START--
INFO: Run Behavior\BuildLiteBehavior [ RunTime:0.000000s ]
INFO: [ app_init ] --END-- [ RunTime:0.000000s ]
INFO: [ app_begin ] --START--
INFO: Run Behavior\ReadHtmlCacheBehavior [ RunTime:0.001000s ]
INFO: [ app_begin ] --END-- [ RunTime:0.001000s ]
SQL: SHOW COLUMNS FROM `wfx_set` [ RunTime:0.0080s ]
SQL: SELECT * FROM `wfx_set` LIMIT 1   [ RunTime:0.0000s ]
SQL: SHOW COLUMNS FROM `wfx_cms_set` [ RunTime:0.0060s ]
SQL: SELECT * FROM `wfx_cms_set` LIMIT 1   [ RunTime:0.0000s ]
SQL: SHOW COLUMNS FROM `wfx_shop_set` [ RunTime:0.0070s ]
SQL: SELECT * FROM `wfx_shop_set` LIMIT 1   [ RunTime:0.0010s ]
SQL: SELECT * FROM `wfx_shop_set` LIMIT 1   [ RunTime:0.0010s ]
SQL: SHOW COLUMNS FROM `wfx_vip_set` [ RunTime:0.0080s ]
SQL: SELECT * FROM `wfx_vip_set` LIMIT 1   [ RunTime:0.0000s ]
INFO: [ view_parse ] --START--
INFO: [ template_filter ] --START--
INFO: Run Behavior\ContentReplaceBehavior [ RunTime:0.000000s ]
INFO: [ template_filter ] --END-- [ RunTime:0.000000s ]
INFO: Run Behavior\ParseTemplateBehavior [ RunTime:0.009001s ]
INFO: [ view_parse ] --END-- [ RunTime:0.009001s ]
INFO: [ view_filter ] --START--
INFO: Run Behavior\WriteHtmlCacheBehavior [ RunTime:0.000000s ]
INFO: [ view_filter ] --END-- [ RunTime:0.000000s ]
SQL: SELECT * FROM `wfx_shop_set` WHERE ( id=1 ) LIMIT 1   [ RunTime:0.0010s ]
SQL: UPDATE `wfx_shop_set` SET `name`='益缘购商城',`pic`='135',`summary`='益缘购商城是一种能赚钱的商城',`url`='http://localhost',`thtime`='10',`fxname`='分销商',`yjname`='佣金',`tdname`='团队',`fx1name`='一级',`fx2name`='二级',`fx3name`='三级',`isth`='1',`isyf`='1',`yf`='0',`yftop`='2',`phone`='15378708792',`address`='',`lng`='116.395645',`lat`='39.929986',`indexalbum`='24,26',`indexgroup`='20,21,22,23,24,25,27',`content`='&lt;p style=&quot;text-align: center;&quot;&gt;关于我们&lt;/p&gt;&lt;p&gt;&lt;br/&gt;&lt;/p&gt;&lt;p&gt;111111&lt;/p&gt;' WHERE `id` = 1 [ RunTime:0.0950s ]

[ 2018-02-12T08:53:49+08:00 ] ::1 /shop/Admin/Index/index
INFO: [ app_init ] --START--
INFO: Run Behavior\BuildLiteBehavior [ RunTime:0.000000s ]
INFO: [ app_init ] --END-- [ RunTime:0.000000s ]
INFO: [ app_begin ] --START--
INFO: Run Behavior\ReadHtmlCacheBehavior [ RunTime:0.001000s ]
INFO: [ app_begin ] --END-- [ RunTime:0.001000s ]
SQL: SHOW COLUMNS FROM `wfx_set` [ RunTime:0.0080s ]
SQL: SELECT * FROM `wfx_set` LIMIT 1   [ RunTime:0.0010s ]
SQL: SHOW COLUMNS FROM `wfx_cms_set` [ RunTime:0.0070s ]
SQL: SELECT * FROM `wfx_cms_set` LIMIT 1   [ RunTime:0.0010s ]
SQL: SHOW COLUMNS FROM `wfx_shop_set` [ RunTime:0.0090s ]
SQL: SELECT * FROM `wfx_shop_set` LIMIT 1   [ RunTime:0.0010s ]
SQL: SHOW COLUMNS FROM `wfx_user_oath` [ RunTime:0.0080s ]
SQL: SELECT * FROM `wfx_user_oath`  [ RunTime:0.0010s ]
INFO: [ view_parse ] --START--
INFO: [ template_filter ] --START--
INFO: Run Behavior\ContentReplaceBehavior [ RunTime:0.000000s ]
INFO: [ template_filter ] --END-- [ RunTime:0.000000s ]
INFO: Run Behavior\ParseTemplateBehavior [ RunTime:0.043002s ]
INFO: [ view_parse ] --END-- [ RunTime:0.043002s ]
INFO: [ view_filter ] --START--
INFO: Run Behavior\WriteHtmlCacheBehavior [ RunTime:0.002000s ]
INFO: [ view_filter ] --END-- [ RunTime:0.002000s ]
INFO: [ app_end ] --START--
INFO: Run Behavior\ShowPageTraceBehavior [ RunTime:0.001000s ]
INFO: [ app_end ] --END-- [ RunTime:0.001000s ]

[ 2018-02-12T09:40:02+08:00 ] ::1 /shop/Admin/Index/appImgviewer
INFO: [ app_init ] --START--
INFO: Run Behavior\BuildLiteBehavior [ RunTime:0.000000s ]
INFO: [ app_init ] --END-- [ RunTime:0.001000s ]
INFO: [ app_begin ] --START--
INFO: Run Behavior\ReadHtmlCacheBehavior [ RunTime:0.001000s ]
INFO: [ app_begin ] --END-- [ RunTime:0.001000s ]
SQL: SHOW COLUMNS FROM `wfx_set` [ RunTime:0.0060s ]
SQL: SELECT * FROM `wfx_set` LIMIT 1   [ RunTime:0.0010s ]
SQL: SHOW COLUMNS FROM `wfx_cms_set` [ RunTime:0.0070s ]
SQL: SELECT * FROM `wfx_cms_set` LIMIT 1   [ RunTime:0.0010s ]
SQL: SHOW COLUMNS FROM `wfx_shop_set` [ RunTime:0.0070s ]
SQL: SELECT * FROM `wfx_shop_set` LIMIT 1   [ RunTime:0.0010s ]
SQL: SHOW COLUMNS FROM `wfx_upload_img` [ RunTime:0.0050s ]
SQL: SELECT * FROM `wfx_upload_img` WHERE `id` IN ('135')  [ RunTime:0.0010s ]
INFO: [ view_parse ] --START--
INFO: [ template_filter ] --START--
INFO: Run Behavior\ContentReplaceBehavior [ RunTime:0.000000s ]
INFO: [ template_filter ] --END-- [ RunTime:0.000000s ]
INFO: Run Behavior\ParseTemplateBehavior [ RunTime:0.009001s ]
INFO: [ view_parse ] --END-- [ RunTime:0.010001s ]
INFO: [ view_filter ] --START--
INFO: Run Behavior\WriteHtmlCacheBehavior [ RunTime:0.001000s ]
INFO: [ view_filter ] --END-- [ RunTime:0.001000s ]

[ 2018-02-12T09:40:04+08:00 ] ::1 /shop/Admin/Upload/indeximg
INFO: [ app_init ] --START--
INFO: Run Behavior\BuildLiteBehavior [ RunTime:0.000000s ]
INFO: [ app_init ] --END-- [ RunTime:0.000000s ]
INFO: [ app_begin ] --START--
INFO: Run Behavior\ReadHtmlCacheBehavior [ RunTime:0.001000s ]
INFO: [ app_begin ] --END-- [ RunTime:0.001000s ]
SQL: SHOW COLUMNS FROM `wfx_set` [ RunTime:0.0060s ]
SQL: SELECT * FROM `wfx_set` LIMIT 1   [ RunTime:0.0000s ]
SQL: SHOW COLUMNS FROM `wfx_cms_set` [ RunTime:0.0070s ]
SQL: SELECT * FROM `wfx_cms_set` LIMIT 1   [ RunTime:0.0000s ]
SQL: SHOW COLUMNS FROM `wfx_shop_set` [ RunTime:0.0070s ]
SQL: SELECT * FROM `wfx_shop_set` LIMIT 1   [ RunTime:0.0000s ]
SQL: SHOW COLUMNS FROM `wfx_upload_img` [ RunTime:0.0070s ]
SQL: SELECT * FROM `wfx_upload_img` ORDER BY id desc LIMIT 0,8   [ RunTime:0.0000s ]
INFO: [ view_parse ] --START--
INFO: [ template_filter ] --START--
INFO: Run Behavior\ContentReplaceBehavior [ RunTime:0.000000s ]
INFO: [ template_filter ] --END-- [ RunTime:0.001000s ]
INFO: Run Behavior\ParseTemplateBehavior [ RunTime:0.019001s ]
INFO: [ view_parse ] --END-- [ RunTime:0.019001s ]
INFO: [ view_filter ] --START--
INFO: Run Behavior\WriteHtmlCacheBehavior [ RunTime:0.000000s ]
INFO: [ view_filter ] --END-- [ RunTime:0.000000s ]

[ 2018-02-12T15:57:27+08:00 ] ::1 /shop/Admin/Shop/set
INFO: [ app_init ] --START--
INFO: Run Behavior\BuildLiteBehavior [ RunTime:0.000000s ]
INFO: [ app_init ] --END-- [ RunTime:0.001000s ]
INFO: [ app_begin ] --START--
INFO: Run Behavior\ReadHtmlCacheBehavior [ RunTime:0.001000s ]
INFO: [ app_begin ] --END-- [ RunTime:0.001000s ]
SQL: SHOW COLUMNS FROM `wfx_set` [ RunTime:0.0080s ]
SQL: SELECT * FROM `wfx_set` LIMIT 1   [ RunTime:0.0000s ]
SQL: SHOW COLUMNS FROM `wfx_cms_set` [ RunTime:0.0060s ]
SQL: SELECT * FROM `wfx_cms_set` LIMIT 1   [ RunTime:0.0000s ]
SQL: SHOW COLUMNS FROM `wfx_shop_set` [ RunTime:0.0080s ]
SQL: SELECT * FROM `wfx_shop_set` LIMIT 1   [ RunTime:0.0000s ]
SQL: SELECT * FROM `wfx_shop_set` LIMIT 1   [ RunTime:0.0000s ]
SQL: SHOW COLUMNS FROM `wfx_vip_set` [ RunTime:0.0060s ]
SQL: SELECT * FROM `wfx_vip_set` LIMIT 1   [ RunTime:0.0000s ]
INFO: [ view_parse ] --START--
INFO: [ template_filter ] --START--
INFO: Run Behavior\ContentReplaceBehavior [ RunTime:0.000000s ]
INFO: [ template_filter ] --END-- [ RunTime:0.000000s ]
INFO: Run Behavior\ParseTemplateBehavior [ RunTime:0.010001s ]
INFO: [ view_parse ] --END-- [ RunTime:0.010001s ]
INFO: [ view_filter ] --START--
INFO: Run Behavior\WriteHtmlCacheBehavior [ RunTime:0.001000s ]
INFO: [ view_filter ] --END-- [ RunTime:0.001000s ]
SQL: SELECT * FROM `wfx_shop_set` WHERE ( id=1 ) LIMIT 1   [ RunTime:0.0000s ]
SQL: UPDATE `wfx_shop_set` SET `name`='益缘购商城',`pic`='135',`summary`='益缘购商城是一种能赚钱的商城',`url`='http://localhost',`thtime`='10',`fxname`='分享会员',`yjname`='佣金',`tdname`='团队',`fx1name`='一级',`fx2name`='二级',`fx3name`='三级',`isth`='1',`isyf`='1',`yf`='0',`yftop`='2',`phone`='15378708792',`address`='',`lng`='116.395645',`lat`='39.929986',`indexalbum`='24,26',`indexgroup`='20,21,22,23,24,25,27',`content`='&lt;p style=&quot;text-align: center;&quot;&gt;关于我们&lt;/p&gt;&lt;p&gt;&lt;br/&gt;&lt;/p&gt;&lt;p&gt;111111&lt;/p&gt;' WHERE `id` = 1 [ RunTime:0.1060s ]

[ 2018-02-12T15:57:27+08:00 ] ::1 /shop/Admin/Index/index
INFO: [ app_init ] --START--
INFO: Run Behavior\BuildLiteBehavior [ RunTime:0.000000s ]
INFO: [ app_init ] --END-- [ RunTime:0.001000s ]
INFO: [ app_begin ] --START--
INFO: Run Behavior\ReadHtmlCacheBehavior [ RunTime:0.001000s ]
INFO: [ app_begin ] --END-- [ RunTime:0.002000s ]
SQL: SHOW COLUMNS FROM `wfx_set` [ RunTime:0.0090s ]
SQL: SELECT * FROM `wfx_set` LIMIT 1   [ RunTime:0.0000s ]
SQL: SHOW COLUMNS FROM `wfx_cms_set` [ RunTime:0.0070s ]
SQL: SELECT * FROM `wfx_cms_set` LIMIT 1   [ RunTime:0.0000s ]
SQL: SHOW COLUMNS FROM `wfx_shop_set` [ RunTime:0.0090s ]
SQL: SELECT * FROM `wfx_shop_set` LIMIT 1   [ RunTime:0.0010s ]
SQL: SHOW COLUMNS FROM `wfx_user_oath` [ RunTime:0.0070s ]
SQL: SELECT * FROM `wfx_user_oath`  [ RunTime:0.0000s ]
INFO: [ view_parse ] --START--
INFO: [ template_filter ] --START--
INFO: Run Behavior\ContentReplaceBehavior [ RunTime:0.001000s ]
INFO: [ template_filter ] --END-- [ RunTime:0.001000s ]
INFO: Run Behavior\ParseTemplateBehavior [ RunTime:0.030002s ]
INFO: [ view_parse ] --END-- [ RunTime:0.030002s ]
INFO: [ view_filter ] --START--
INFO: Run Behavior\WriteHtmlCacheBehavior [ RunTime:0.001000s ]
INFO: [ view_filter ] --END-- [ RunTime:0.001000s ]
INFO: [ app_end ] --START--
INFO: Run Behavior\ShowPageTraceBehavior [ RunTime:0.001000s ]
INFO: [ app_end ] --END-- [ RunTime:0.001000s ]

