[ 2018-02-10T11:40:01+08:00 ] ::1 /shop/Admin/Shop/order/status/2
INFO: [ app_init ] --START--
INFO: Run Behavior\BuildLiteBehavior [ RunTime:0.000000s ]
INFO: [ app_init ] --END-- [ RunTime:0.000000s ]
INFO: [ app_begin ] --START--
INFO: Run Behavior\ReadHtmlCacheBehavior [ RunTime:0.000000s ]
INFO: [ app_begin ] --END-- [ RunTime:0.000000s ]
SQL: SHOW COLUMNS FROM `wfx_set` [ RunTime:0.0050s ]
SQL: SELECT * FROM `wfx_set` LIMIT 1   [ RunTime:0.0000s ]
SQL: SHOW COLUMNS FROM `wfx_cms_set` [ RunTime:0.0060s ]
SQL: SELECT * FROM `wfx_cms_set` LIMIT 1   [ RunTime:0.0220s ]
SQL: SHOW COLUMNS FROM `wfx_shop_set` [ RunTime:0.0050s ]
SQL: SELECT * FROM `wfx_shop_set` LIMIT 1   [ RunTime:0.0010s ]
SQL: SELECT * FROM `wfx_shop_set` LIMIT 1   [ RunTime:0.0000s ]
SQL: SHOW COLUMNS FROM `wfx_vip_set` [ RunTime:0.0060s ]
SQL: SELECT * FROM `wfx_vip_set` LIMIT 1   [ RunTime:0.0000s ]
INFO: [ view_parse ] --START--
INFO: [ template_filter ] --START--
INFO: Run Behavior\ContentReplaceBehavior [ RunTime:0.000000s ]
INFO: [ template_filter ] --END-- [ RunTime:0.000000s ]
INFO: Run Behavior\ParseTemplateBehavior [ RunTime:0.008000s ]
INFO: [ view_parse ] --END-- [ RunTime:0.008000s ]
INFO: [ view_filter ] --START--
INFO: Run Behavior\WriteHtmlCacheBehavior [ RunTime:0.000000s ]
INFO: [ view_filter ] --END-- [ RunTime:0.001000s ]
SQL: SHOW COLUMNS FROM `wfx_shop_order` [ RunTime:0.0050s ]
NOTIC: [8] Undefined index: p E:\xampp\htdocs\shop\Application\Admin\Controller\ShopController.class.php 第 1099 行.
SQL: SELECT * FROM `wfx_shop_order` WHERE `status` = 2 ORDER BY ctime desc LIMIT 0,20   [ RunTime:0.0010s ]
SQL: SELECT COUNT(*) AS tp_count FROM `wfx_shop_order` WHERE `status` = 2 LIMIT 1   [ RunTime:0.0000s ]
NOTIC: [2] Missing argument 6 for Admin\Controller\BaseController::getPage(), called in E:\xampp\htdocs\shop\Application\Admin\Controller\ShopController.class.php on line 1125 and defined E:\xampp\htdocs\shop\Application\Admin\Controller\BaseController.class.php 第 91 行.
NOTIC: [8] Undefined variable: map E:\xampp\htdocs\shop\Application\Admin\Controller\BaseController.class.php 第 103 行.
INFO: [ view_parse ] --START--
INFO: [ template_filter ] --START--
INFO: Run Behavior\ContentReplaceBehavior [ RunTime:0.000000s ]
INFO: [ template_filter ] --END-- [ RunTime:-0.044002s ]
NOTIC: [8] Undefined variable: timeRanges E:\xampp\htdocs\shop\Application\Runtime\Cache\Admin\1de6446ae7d2b2aec8b988d31334127b.php 第 37 行.
NOTIC: [8] Undefined variable: name E:\xampp\htdocs\shop\Application\Runtime\Cache\Admin\1de6446ae7d2b2aec8b988d31334127b.php 第 42 行.
NOTIC: [8] Undefined variable: oid E:\xampp\htdocs\shop\Application\Runtime\Cache\Admin\1de6446ae7d2b2aec8b988d31334127b.php 第 45 行.
INFO: Run Behavior\ParseTemplateBehavior [ RunTime:0.025002s ]
INFO: [ view_parse ] --END-- [ RunTime:-0.021001s ]
INFO: [ view_filter ] --START--
INFO: Run Behavior\WriteHtmlCacheBehavior [ RunTime:0.000000s ]
INFO: [ view_filter ] --END-- [ RunTime:-0.045003s ]
INFO: [ app_end ] --START--
INFO: Run Behavior\ShowPageTraceBehavior [ RunTime:0.000000s ]
INFO: [ app_end ] --END-- [ RunTime:0.000000s ]

[ 2018-02-10T11:40:07+08:00 ] ::1 /shop/Admin/Shop/orderDeliver
INFO: [ app_init ] --START--
INFO: Run Behavior\BuildLiteBehavior [ RunTime:0.000000s ]
INFO: [ app_init ] --END-- [ RunTime:0.001000s ]
INFO: [ app_begin ] --START--
INFO: Run Behavior\ReadHtmlCacheBehavior [ RunTime:0.001000s ]
INFO: [ app_begin ] --END-- [ RunTime:0.001000s ]
SQL: SHOW COLUMNS FROM `wfx_set` [ RunTime:0.0060s ]
SQL: SELECT * FROM `wfx_set` LIMIT 1   [ RunTime:0.0010s ]
SQL: SHOW COLUMNS FROM `wfx_cms_set` [ RunTime:0.0060s ]
SQL: SELECT * FROM `wfx_cms_set` LIMIT 1   [ RunTime:0.0010s ]
SQL: SHOW COLUMNS FROM `wfx_shop_set` [ RunTime:0.0060s ]
SQL: SELECT * FROM `wfx_shop_set` LIMIT 1   [ RunTime:0.0010s ]
SQL: SELECT * FROM `wfx_shop_set` LIMIT 1   [ RunTime:0.0000s ]
SQL: SHOW COLUMNS FROM `wfx_vip_set` [ RunTime:0.0060s ]
SQL: SELECT * FROM `wfx_vip_set` LIMIT 1   [ RunTime:0.0000s ]
SQL: SHOW COLUMNS FROM `wfx_shop_order` [ RunTime:0.0060s ]
SQL: UPDATE `wfx_shop_order` SET `status`='3' WHERE ( id=214 ) [ RunTime:0.0810s ]
SQL: SHOW COLUMNS FROM `wfx_shop_order_log` [ RunTime:0.0050s ]
SQL: SHOW COLUMNS FROM `wfx_shop_order_syslog` [ RunTime:0.0060s ]
SQL: INSERT INTO `wfx_shop_order_log` (`oid`,`msg`,`ctime`) VALUES ('214','订单已发货','1518234007') [ RunTime:0.0540s ]
NOTIC: [8] Undefined variable: cache E:\xampp\htdocs\shop\Application\Admin\Controller\ShopController.class.php 第 1416 行.
SQL: INSERT INTO `wfx_shop_order_syslog` (`oid`,`msg`,`ctime`,`type`,`paytype`) VALUES ('214','订单已发货','1518234007','3',NULL) [ RunTime:0.0300s ]
SQL: SELECT * FROM `wfx_shop_order` WHERE ( id=214 ) LIMIT 1   [ RunTime:0.0000s ]
SQL: SHOW COLUMNS FROM `wfx_vip` [ RunTime:0.0060s ]
SQL: SELECT * FROM `wfx_vip` WHERE `id` = 4 LIMIT 1   [ RunTime:0.0000s ]
SQL: SHOW COLUMNS FROM `wfx_wx_template` [ RunTime:0.0060s ]
SQL: SELECT * FROM `wfx_wx_template` WHERE `templateidshort` = 'OPENTM201541214' LIMIT 1   [ RunTime:0.0000s ]

[ 2018-02-10T11:40:07+08:00 ] ::1 /shop/Admin/Index/index
INFO: [ app_init ] --START--
INFO: Run Behavior\BuildLiteBehavior [ RunTime:0.000000s ]
INFO: [ app_init ] --END-- [ RunTime:0.001000s ]
INFO: [ app_begin ] --START--
INFO: Run Behavior\ReadHtmlCacheBehavior [ RunTime:0.002000s ]
INFO: [ app_begin ] --END-- [ RunTime:0.002000s ]
SQL: SHOW COLUMNS FROM `wfx_set` [ RunTime:0.0070s ]
SQL: SELECT * FROM `wfx_set` LIMIT 1   [ RunTime:0.0000s ]
SQL: SHOW COLUMNS FROM `wfx_cms_set` [ RunTime:0.0070s ]
SQL: SELECT * FROM `wfx_cms_set` LIMIT 1   [ RunTime:0.0000s ]
SQL: SHOW COLUMNS FROM `wfx_shop_set` [ RunTime:0.0080s ]
SQL: SELECT * FROM `wfx_shop_set` LIMIT 1   [ RunTime:0.0000s ]
SQL: SHOW COLUMNS FROM `wfx_user_oath` [ RunTime:0.0060s ]
SQL: SELECT * FROM `wfx_user_oath`  [ RunTime:0.0850s ]
INFO: [ view_parse ] --START--
INFO: [ template_filter ] --START--
INFO: Run Behavior\ContentReplaceBehavior [ RunTime:0.000000s ]
INFO: [ template_filter ] --END-- [ RunTime:0.000000s ]
INFO: Run Behavior\ParseTemplateBehavior [ RunTime:0.028002s ]
INFO: [ view_parse ] --END-- [ RunTime:0.028002s ]
INFO: [ view_filter ] --START--
INFO: Run Behavior\WriteHtmlCacheBehavior [ RunTime:0.000000s ]
INFO: [ view_filter ] --END-- [ RunTime:0.000000s ]
INFO: [ app_end ] --START--
INFO: Run Behavior\ShowPageTraceBehavior [ RunTime:0.000000s ]
INFO: [ app_end ] --END-- [ RunTime:0.000000s ]

[ 2018-02-10T11:40:07+08:00 ] ::1 /shop/Admin/Shop/order/status/2
INFO: [ app_init ] --START--
INFO: Run Behavior\BuildLiteBehavior [ RunTime:0.000000s ]
INFO: [ app_init ] --END-- [ RunTime:0.001000s ]
INFO: [ app_begin ] --START--
INFO: Run Behavior\ReadHtmlCacheBehavior [ RunTime:0.002000s ]
INFO: [ app_begin ] --END-- [ RunTime:0.002000s ]
SQL: SHOW COLUMNS FROM `wfx_set` [ RunTime:0.0060s ]
SQL: SELECT * FROM `wfx_set` LIMIT 1   [ RunTime:0.0000s ]
SQL: SHOW COLUMNS FROM `wfx_cms_set` [ RunTime:0.0050s ]
SQL: SELECT * FROM `wfx_cms_set` LIMIT 1   [ RunTime:0.0000s ]
SQL: SHOW COLUMNS FROM `wfx_shop_set` [ RunTime:0.0070s ]
SQL: SELECT * FROM `wfx_shop_set` LIMIT 1   [ RunTime:0.0000s ]
SQL: SELECT * FROM `wfx_shop_set` LIMIT 1   [ RunTime:0.0010s ]
SQL: SHOW COLUMNS FROM `wfx_vip_set` [ RunTime:0.0060s ]
SQL: SELECT * FROM `wfx_vip_set` LIMIT 1   [ RunTime:0.0000s ]
INFO: [ view_parse ] --START--
INFO: [ template_filter ] --START--
INFO: Run Behavior\ContentReplaceBehavior [ RunTime:0.000000s ]
INFO: [ template_filter ] --END-- [ RunTime:0.000000s ]
INFO: Run Behavior\ParseTemplateBehavior [ RunTime:0.009000s ]
INFO: [ view_parse ] --END-- [ RunTime:0.009000s ]
INFO: [ view_filter ] --START--
INFO: Run Behavior\WriteHtmlCacheBehavior [ RunTime:0.001000s ]
INFO: [ view_filter ] --END-- [ RunTime:0.001000s ]
SQL: SHOW COLUMNS FROM `wfx_shop_order` [ RunTime:0.0060s ]
NOTIC: [8] Undefined index: p E:\xampp\htdocs\shop\Application\Admin\Controller\ShopController.class.php 第 1099 行.
SQL: SELECT * FROM `wfx_shop_order` WHERE `status` = 2 ORDER BY ctime desc LIMIT 0,20   [ RunTime:0.0010s ]
SQL: SELECT COUNT(*) AS tp_count FROM `wfx_shop_order` WHERE `status` = 2 LIMIT 1   [ RunTime:0.0000s ]
NOTIC: [2] Missing argument 6 for Admin\Controller\BaseController::getPage(), called in E:\xampp\htdocs\shop\Application\Admin\Controller\ShopController.class.php on line 1125 and defined E:\xampp\htdocs\shop\Application\Admin\Controller\BaseController.class.php 第 91 行.
NOTIC: [8] Undefined variable: map E:\xampp\htdocs\shop\Application\Admin\Controller\BaseController.class.php 第 103 行.
INFO: [ view_parse ] --START--
INFO: [ template_filter ] --START--
INFO: Run Behavior\ContentReplaceBehavior [ RunTime:0.000000s ]
INFO: [ template_filter ] --END-- [ RunTime:-0.022001s ]
NOTIC: [8] Undefined variable: timeRanges E:\xampp\htdocs\shop\Application\Runtime\Cache\Admin\1de6446ae7d2b2aec8b988d31334127b.php 第 37 行.
NOTIC: [8] Undefined variable: name E:\xampp\htdocs\shop\Application\Runtime\Cache\Admin\1de6446ae7d2b2aec8b988d31334127b.php 第 42 行.
NOTIC: [8] Undefined variable: oid E:\xampp\htdocs\shop\Application\Runtime\Cache\Admin\1de6446ae7d2b2aec8b988d31334127b.php 第 45 行.
INFO: Run Behavior\ParseTemplateBehavior [ RunTime:0.013000s ]
INFO: [ view_parse ] --END-- [ RunTime:-0.012001s ]
INFO: [ view_filter ] --START--
INFO: Run Behavior\WriteHtmlCacheBehavior [ RunTime:0.000000s ]
INFO: [ view_filter ] --END-- [ RunTime:-0.024001s ]
INFO: [ app_end ] --START--
INFO: Run Behavior\ShowPageTraceBehavior [ RunTime:0.002001s ]
INFO: [ app_end ] --END-- [ RunTime:0.002001s ]

[ 2018-02-10T12:04:47+08:00 ] ::1 /shop/Admin/Shop/set
INFO: [ app_init ] --START--
INFO: Run Behavior\BuildLiteBehavior [ RunTime:0.000000s ]
INFO: [ app_init ] --END-- [ RunTime:0.001000s ]
INFO: [ app_begin ] --START--
INFO: Run Behavior\ReadHtmlCacheBehavior [ RunTime:0.000000s ]
INFO: [ app_begin ] --END-- [ RunTime:0.000000s ]
SQL: SHOW COLUMNS FROM `wfx_set` [ RunTime:0.0060s ]
SQL: SELECT * FROM `wfx_set` LIMIT 1   [ RunTime:0.0000s ]
SQL: SHOW COLUMNS FROM `wfx_cms_set` [ RunTime:0.0050s ]
SQL: SELECT * FROM `wfx_cms_set` LIMIT 1   [ RunTime:0.0010s ]
SQL: SHOW COLUMNS FROM `wfx_shop_set` [ RunTime:0.0050s ]
SQL: SELECT * FROM `wfx_shop_set` LIMIT 1   [ RunTime:0.0010s ]
SQL: SELECT * FROM `wfx_shop_set` LIMIT 1   [ RunTime:0.0010s ]
SQL: SHOW COLUMNS FROM `wfx_vip_set` [ RunTime:0.0050s ]
SQL: SELECT * FROM `wfx_vip_set` LIMIT 1   [ RunTime:0.0000s ]
INFO: [ view_parse ] --START--
INFO: [ template_filter ] --START--
INFO: Run Behavior\ContentReplaceBehavior [ RunTime:0.000000s ]
INFO: [ template_filter ] --END-- [ RunTime:0.000000s ]
INFO: Run Behavior\ParseTemplateBehavior [ RunTime:0.007001s ]
INFO: [ view_parse ] --END-- [ RunTime:0.007001s ]
INFO: [ view_filter ] --START--
INFO: Run Behavior\WriteHtmlCacheBehavior [ RunTime:0.001000s ]
INFO: [ view_filter ] --END-- [ RunTime:0.001000s ]
SQL: SELECT * FROM `wfx_shop_set` WHERE ( id=1 ) LIMIT 1   [ RunTime:0.0000s ]
INFO: [ view_parse ] --START--
INFO: [ template_filter ] --START--
INFO: Run Behavior\ContentReplaceBehavior [ RunTime:0.000000s ]
INFO: [ template_filter ] --END-- [ RunTime:-0.008000s ]
INFO: Run Behavior\ParseTemplateBehavior [ RunTime:0.006000s ]
INFO: [ view_parse ] --END-- [ RunTime:-0.002000s ]
INFO: [ view_filter ] --START--
INFO: Run Behavior\WriteHtmlCacheBehavior [ RunTime:0.000000s ]
INFO: [ view_filter ] --END-- [ RunTime:-0.007000s ]
INFO: [ app_end ] --START--
INFO: Run Behavior\ShowPageTraceBehavior [ RunTime:0.001000s ]
INFO: [ app_end ] --END-- [ RunTime:0.001000s ]

[ 2018-02-10T12:04:48+08:00 ] ::1 /shop/Admin/Vip/set
INFO: [ app_init ] --START--
INFO: Run Behavior\BuildLiteBehavior [ RunTime:0.000000s ]
INFO: [ app_init ] --END-- [ RunTime:0.001000s ]
INFO: [ app_begin ] --START--
INFO: Run Behavior\ReadHtmlCacheBehavior [ RunTime:0.000000s ]
INFO: [ app_begin ] --END-- [ RunTime:0.000000s ]
SQL: SHOW COLUMNS FROM `wfx_set` [ RunTime:0.0050s ]
SQL: SELECT * FROM `wfx_set` LIMIT 1   [ RunTime:0.0000s ]
SQL: SHOW COLUMNS FROM `wfx_cms_set` [ RunTime:0.0050s ]
SQL: SELECT * FROM `wfx_cms_set` LIMIT 1   [ RunTime:0.0000s ]
SQL: SHOW COLUMNS FROM `wfx_shop_set` [ RunTime:0.0060s ]
SQL: SELECT * FROM `wfx_shop_set` LIMIT 1   [ RunTime:0.0000s ]
SQL: SHOW COLUMNS FROM `wfx_vip_set` [ RunTime:0.0060s ]
SQL: SELECT * FROM `wfx_vip_set` LIMIT 1   [ RunTime:0.0000s ]
INFO: [ view_parse ] --START--
INFO: [ template_filter ] --START--
INFO: Run Behavior\ContentReplaceBehavior [ RunTime:0.000000s ]
INFO: [ template_filter ] --END-- [ RunTime:0.000000s ]
INFO: Run Behavior\ParseTemplateBehavior [ RunTime:0.007000s ]
INFO: [ view_parse ] --END-- [ RunTime:0.007000s ]
INFO: [ view_filter ] --START--
INFO: Run Behavior\WriteHtmlCacheBehavior [ RunTime:0.000000s ]
INFO: [ view_filter ] --END-- [ RunTime:0.000000s ]
SQL: SELECT * FROM `wfx_vip_set` LIMIT 1   [ RunTime:0.0000s ]
INFO: [ view_parse ] --START--
INFO: [ template_filter ] --START--
INFO: Run Behavior\ContentReplaceBehavior [ RunTime:0.000000s ]
INFO: [ template_filter ] --END-- [ RunTime:-0.008000s ]
INFO: Run Behavior\ParseTemplateBehavior [ RunTime:0.007001s ]
INFO: [ view_parse ] --END-- [ RunTime:-0.001000s ]
INFO: [ view_filter ] --START--
INFO: Run Behavior\WriteHtmlCacheBehavior [ RunTime:0.000000s ]
INFO: [ view_filter ] --END-- [ RunTime:-0.008001s ]
INFO: [ app_end ] --START--
INFO: Run Behavior\ShowPageTraceBehavior [ RunTime:0.001000s ]
INFO: [ app_end ] --END-- [ RunTime:0.001000s ]

[ 2018-02-10T12:04:59+08:00 ] ::1 /shop/Admin/Vip/set
INFO: [ app_init ] --START--
INFO: Run Behavior\BuildLiteBehavior [ RunTime:0.000000s ]
INFO: [ app_init ] --END-- [ RunTime:0.001000s ]
INFO: [ app_begin ] --START--
INFO: Run Behavior\ReadHtmlCacheBehavior [ RunTime:0.001000s ]
INFO: [ app_begin ] --END-- [ RunTime:0.001000s ]
SQL: SHOW COLUMNS FROM `wfx_set` [ RunTime:0.0100s ]
SQL: SELECT * FROM `wfx_set` LIMIT 1   [ RunTime:0.0000s ]
SQL: SHOW COLUMNS FROM `wfx_cms_set` [ RunTime:0.0070s ]
SQL: SELECT * FROM `wfx_cms_set` LIMIT 1   [ RunTime:0.0010s ]
SQL: SHOW COLUMNS FROM `wfx_shop_set` [ RunTime:0.0080s ]
SQL: SELECT * FROM `wfx_shop_set` LIMIT 1   [ RunTime:0.0010s ]
SQL: SHOW COLUMNS FROM `wfx_vip_set` [ RunTime:0.0050s ]
SQL: SELECT * FROM `wfx_vip_set` LIMIT 1   [ RunTime:0.0010s ]
SQL: UPDATE `wfx_vip_set` SET `isverify`='0',`ver_interval`='2',`ver_times`='3',`isgift`='1',`reg_score`='0',`reg_exp`='0',`tj_score`='0',`tj_exp`='0',`tj_money`='0',`sign_score`='5',`sign_exp`='0',`cz_score`='0',`cz_exp`='100',`cz_rule`='0',`xf_score`='0',`xf_exp`='0',`level_period`='0',`tx_money`='10',`isqiandao`='1',`gift_detail`='2,,,' WHERE ( id=1 ) [ RunTime:0.0720s ]

[ 2018-02-10T12:04:59+08:00 ] ::1 /shop/Admin/Index/index
INFO: [ app_init ] --START--
INFO: Run Behavior\BuildLiteBehavior [ RunTime:0.000000s ]
INFO: [ app_init ] --END-- [ RunTime:0.001000s ]
INFO: [ app_begin ] --START--
INFO: Run Behavior\ReadHtmlCacheBehavior [ RunTime:0.002000s ]
INFO: [ app_begin ] --END-- [ RunTime:0.002000s ]
SQL: SHOW COLUMNS FROM `wfx_set` [ RunTime:0.0080s ]
SQL: SELECT * FROM `wfx_set` LIMIT 1   [ RunTime:0.0000s ]
SQL: SHOW COLUMNS FROM `wfx_cms_set` [ RunTime:0.0070s ]
SQL: SELECT * FROM `wfx_cms_set` LIMIT 1   [ RunTime:0.0000s ]
SQL: SHOW COLUMNS FROM `wfx_shop_set` [ RunTime:0.0080s ]
SQL: SELECT * FROM `wfx_shop_set` LIMIT 1   [ RunTime:0.0010s ]
SQL: SHOW COLUMNS FROM `wfx_user_oath` [ RunTime:0.0060s ]
SQL: SELECT * FROM `wfx_user_oath`  [ RunTime:0.0000s ]
INFO: [ view_parse ] --START--
INFO: [ template_filter ] --START--
INFO: Run Behavior\ContentReplaceBehavior [ RunTime:0.000000s ]
INFO: [ template_filter ] --END-- [ RunTime:0.000000s ]
INFO: Run Behavior\ParseTemplateBehavior [ RunTime:0.029002s ]
INFO: [ view_parse ] --END-- [ RunTime:0.029002s ]
INFO: [ view_filter ] --START--
INFO: Run Behavior\WriteHtmlCacheBehavior [ RunTime:0.001000s ]
INFO: [ view_filter ] --END-- [ RunTime:0.001000s ]
INFO: [ app_end ] --START--
INFO: Run Behavior\ShowPageTraceBehavior [ RunTime:0.001000s ]
INFO: [ app_end ] --END-- [ RunTime:0.001000s ]

[ 2018-02-10T12:05:09+08:00 ] ::1 /shop/Admin/Vip/set
INFO: [ app_init ] --START--
INFO: Run Behavior\BuildLiteBehavior [ RunTime:0.000000s ]
INFO: [ app_init ] --END-- [ RunTime:0.001000s ]
INFO: [ app_begin ] --START--
INFO: Run Behavior\ReadHtmlCacheBehavior [ RunTime:0.001000s ]
INFO: [ app_begin ] --END-- [ RunTime:0.001000s ]
SQL: SHOW COLUMNS FROM `wfx_set` [ RunTime:0.0050s ]
SQL: SELECT * FROM `wfx_set` LIMIT 1   [ RunTime:0.0010s ]
SQL: SHOW COLUMNS FROM `wfx_cms_set` [ RunTime:0.0080s ]
SQL: SELECT * FROM `wfx_cms_set` LIMIT 1   [ RunTime:0.0000s ]
SQL: SHOW COLUMNS FROM `wfx_shop_set` [ RunTime:0.0090s ]
SQL: SELECT * FROM `wfx_shop_set` LIMIT 1   [ RunTime:0.0000s ]
SQL: SHOW COLUMNS FROM `wfx_vip_set` [ RunTime:0.0090s ]
SQL: SELECT * FROM `wfx_vip_set` LIMIT 1   [ RunTime:0.0010s ]
SQL: UPDATE `wfx_vip_set` SET `isverify`='0',`ver_interval`='2',`ver_times`='3',`isgift`='1',`reg_score`='0',`reg_exp`='0',`tj_score`='0',`tj_exp`='0',`tj_money`='0',`sign_score`='0',`sign_exp`='0',`cz_score`='0',`cz_exp`='100',`cz_rule`='0',`xf_score`='0',`xf_exp`='0',`level_period`='0',`tx_money`='10',`isqiandao`='1',`gift_detail`='2,,,' WHERE ( id=1 ) [ RunTime:0.1160s ]

[ 2018-02-10T12:05:09+08:00 ] ::1 /shop/Admin/Index/index
INFO: [ app_init ] --START--
INFO: Run Behavior\BuildLiteBehavior [ RunTime:0.000000s ]
INFO: [ app_init ] --END-- [ RunTime:0.001000s ]
INFO: [ app_begin ] --START--
INFO: Run Behavior\ReadHtmlCacheBehavior [ RunTime:0.001000s ]
INFO: [ app_begin ] --END-- [ RunTime:0.002000s ]
SQL: SHOW COLUMNS FROM `wfx_set` [ RunTime:0.0070s ]
SQL: SELECT * FROM `wfx_set` LIMIT 1   [ RunTime:0.0010s ]
SQL: SHOW COLUMNS FROM `wfx_cms_set` [ RunTime:0.0070s ]
SQL: SELECT * FROM `wfx_cms_set` LIMIT 1   [ RunTime:0.0000s ]
SQL: SHOW COLUMNS FROM `wfx_shop_set` [ RunTime:0.0080s ]
SQL: SELECT * FROM `wfx_shop_set` LIMIT 1   [ RunTime:0.0010s ]
SQL: SHOW COLUMNS FROM `wfx_user_oath` [ RunTime:0.0080s ]
SQL: SELECT * FROM `wfx_user_oath`  [ RunTime:0.0000s ]
INFO: [ view_parse ] --START--
INFO: [ template_filter ] --START--
INFO: Run Behavior\ContentReplaceBehavior [ RunTime:0.001000s ]
INFO: [ template_filter ] --END-- [ RunTime:0.001000s ]
INFO: Run Behavior\ParseTemplateBehavior [ RunTime:0.029001s ]
INFO: [ view_parse ] --END-- [ RunTime:0.029001s ]
INFO: [ view_filter ] --START--
INFO: Run Behavior\WriteHtmlCacheBehavior [ RunTime:0.001000s ]
INFO: [ view_filter ] --END-- [ RunTime:0.001000s ]
INFO: [ app_end ] --START--
INFO: Run Behavior\ShowPageTraceBehavior [ RunTime:0.001000s ]
INFO: [ app_end ] --END-- [ RunTime:0.001000s ]

[ 2018-02-10T12:06:15+08:00 ] ::1 /shop/Admin/Shop/order/status/2
INFO: [ app_init ] --START--
INFO: Run Behavior\BuildLiteBehavior [ RunTime:0.000000s ]
INFO: [ app_init ] --END-- [ RunTime:0.001000s ]
INFO: [ app_begin ] --START--
INFO: Run Behavior\ReadHtmlCacheBehavior [ RunTime:0.001000s ]
INFO: [ app_begin ] --END-- [ RunTime:0.001000s ]
SQL: SHOW COLUMNS FROM `wfx_set` [ RunTime:0.0060s ]
SQL: SELECT * FROM `wfx_set` LIMIT 1   [ RunTime:0.0000s ]
SQL: SHOW COLUMNS FROM `wfx_cms_set` [ RunTime:0.0060s ]
SQL: SELECT * FROM `wfx_cms_set` LIMIT 1   [ RunTime:0.0000s ]
SQL: SHOW COLUMNS FROM `wfx_shop_set` [ RunTime:0.0060s ]
SQL: SELECT * FROM `wfx_shop_set` LIMIT 1   [ RunTime:0.0000s ]
SQL: SELECT * FROM `wfx_shop_set` LIMIT 1   [ RunTime:0.0000s ]
SQL: SHOW COLUMNS FROM `wfx_vip_set` [ RunTime:0.0040s ]
SQL: SELECT * FROM `wfx_vip_set` LIMIT 1   [ RunTime:0.0000s ]
INFO: [ view_parse ] --START--
INFO: [ template_filter ] --START--
INFO: Run Behavior\ContentReplaceBehavior [ RunTime:0.000000s ]
INFO: [ template_filter ] --END-- [ RunTime:0.000000s ]
INFO: Run Behavior\ParseTemplateBehavior [ RunTime:0.007001s ]
INFO: [ view_parse ] --END-- [ RunTime:0.007001s ]
INFO: [ view_filter ] --START--
INFO: Run Behavior\WriteHtmlCacheBehavior [ RunTime:0.000000s ]
INFO: [ view_filter ] --END-- [ RunTime:0.001000s ]
SQL: SHOW COLUMNS FROM `wfx_shop_order` [ RunTime:0.0060s ]
NOTIC: [8] Undefined index: p E:\xampp\htdocs\shop\Application\Admin\Controller\ShopController.class.php 第 1099 行.
SQL: SELECT * FROM `wfx_shop_order` WHERE `status` = 2 ORDER BY ctime desc LIMIT 0,20   [ RunTime:0.0000s ]
SQL: SELECT COUNT(*) AS tp_count FROM `wfx_shop_order` WHERE `status` = 2 LIMIT 1   [ RunTime:0.0000s ]
NOTIC: [2] Missing argument 6 for Admin\Controller\BaseController::getPage(), called in E:\xampp\htdocs\shop\Application\Admin\Controller\ShopController.class.php on line 1125 and defined E:\xampp\htdocs\shop\Application\Admin\Controller\BaseController.class.php 第 91 行.
NOTIC: [8] Undefined variable: map E:\xampp\htdocs\shop\Application\Admin\Controller\BaseController.class.php 第 103 行.
INFO: [ view_parse ] --START--
INFO: [ template_filter ] --START--
INFO: Run Behavior\ContentReplaceBehavior [ RunTime:0.001000s ]
INFO: [ template_filter ] --END-- [ RunTime:-0.019001s ]
NOTIC: [8] Undefined variable: timeRanges E:\xampp\htdocs\shop\Application\Runtime\Cache\Admin\1de6446ae7d2b2aec8b988d31334127b.php 第 37 行.
NOTIC: [8] Undefined variable: name E:\xampp\htdocs\shop\Application\Runtime\Cache\Admin\1de6446ae7d2b2aec8b988d31334127b.php 第 42 行.
NOTIC: [8] Undefined variable: oid E:\xampp\htdocs\shop\Application\Runtime\Cache\Admin\1de6446ae7d2b2aec8b988d31334127b.php 第 45 行.
INFO: Run Behavior\ParseTemplateBehavior [ RunTime:0.013001s ]
INFO: [ view_parse ] --END-- [ RunTime:-0.010000s ]
INFO: [ view_filter ] --START--
INFO: Run Behavior\WriteHtmlCacheBehavior [ RunTime:0.000000s ]
INFO: [ view_filter ] --END-- [ RunTime:-0.022001s ]
INFO: [ app_end ] --START--
INFO: Run Behavior\ShowPageTraceBehavior [ RunTime:0.001000s ]
INFO: [ app_end ] --END-- [ RunTime:0.001000s ]

[ 2018-02-10T12:06:21+08:00 ] ::1 /shop/Admin/Shop/orderDeliver
INFO: [ app_init ] --START--
INFO: Run Behavior\BuildLiteBehavior [ RunTime:0.000000s ]
INFO: [ app_init ] --END-- [ RunTime:0.000000s ]
INFO: [ app_begin ] --START--
INFO: Run Behavior\ReadHtmlCacheBehavior [ RunTime:0.001000s ]
INFO: [ app_begin ] --END-- [ RunTime:0.001000s ]
SQL: SHOW COLUMNS FROM `wfx_set` [ RunTime:0.0060s ]
SQL: SELECT * FROM `wfx_set` LIMIT 1   [ RunTime:0.0000s ]
SQL: SHOW COLUMNS FROM `wfx_cms_set` [ RunTime:0.0060s ]
SQL: SELECT * FROM `wfx_cms_set` LIMIT 1   [ RunTime:0.0000s ]
SQL: SHOW COLUMNS FROM `wfx_shop_set` [ RunTime:0.0050s ]
SQL: SELECT * FROM `wfx_shop_set` LIMIT 1   [ RunTime:0.0000s ]
SQL: SELECT * FROM `wfx_shop_set` LIMIT 1   [ RunTime:0.0000s ]
SQL: SHOW COLUMNS FROM `wfx_vip_set` [ RunTime:0.0060s ]
SQL: SELECT * FROM `wfx_vip_set` LIMIT 1   [ RunTime:0.0000s ]
SQL: SHOW COLUMNS FROM `wfx_shop_order` [ RunTime:0.0050s ]
SQL: UPDATE `wfx_shop_order` SET `status`='3' WHERE ( id=215 ) [ RunTime:0.1020s ]
SQL: SHOW COLUMNS FROM `wfx_shop_order_log` [ RunTime:0.0050s ]
SQL: SHOW COLUMNS FROM `wfx_shop_order_syslog` [ RunTime:0.0060s ]
SQL: INSERT INTO `wfx_shop_order_log` (`oid`,`msg`,`ctime`) VALUES ('215','订单已发货','1518235581') [ RunTime:0.0760s ]
NOTIC: [8] Undefined variable: cache E:\xampp\htdocs\shop\Application\Admin\Controller\ShopController.class.php 第 1416 行.
SQL: INSERT INTO `wfx_shop_order_syslog` (`oid`,`msg`,`ctime`,`type`,`paytype`) VALUES ('215','订单已发货','1518235581','3',NULL) [ RunTime:0.0300s ]
SQL: SELECT * FROM `wfx_shop_order` WHERE ( id=215 ) LIMIT 1   [ RunTime:0.0010s ]
SQL: SHOW COLUMNS FROM `wfx_vip` [ RunTime:0.0060s ]
SQL: SELECT * FROM `wfx_vip` WHERE `id` = 122 LIMIT 1   [ RunTime:0.0010s ]
SQL: SHOW COLUMNS FROM `wfx_wx_template` [ RunTime:0.0050s ]
SQL: SELECT * FROM `wfx_wx_template` WHERE `templateidshort` = 'OPENTM201541214' LIMIT 1   [ RunTime:0.0010s ]

[ 2018-02-10T12:06:21+08:00 ] ::1 /shop/Admin/Index/index
INFO: [ app_init ] --START--
INFO: Run Behavior\BuildLiteBehavior [ RunTime:0.000000s ]
INFO: [ app_init ] --END-- [ RunTime:0.001000s ]
INFO: [ app_begin ] --START--
INFO: Run Behavior\ReadHtmlCacheBehavior [ RunTime:0.001001s ]
INFO: [ app_begin ] --END-- [ RunTime:0.002001s ]
SQL: SHOW COLUMNS FROM `wfx_set` [ RunTime:0.0070s ]
SQL: SELECT * FROM `wfx_set` LIMIT 1   [ RunTime:0.0000s ]
SQL: SHOW COLUMNS FROM `wfx_cms_set` [ RunTime:0.0070s ]
SQL: SELECT * FROM `wfx_cms_set` LIMIT 1   [ RunTime:0.0000s ]
SQL: SHOW COLUMNS FROM `wfx_shop_set` [ RunTime:0.0070s ]
SQL: SELECT * FROM `wfx_shop_set` LIMIT 1   [ RunTime:0.0000s ]
SQL: SHOW COLUMNS FROM `wfx_user_oath` [ RunTime:0.0050s ]
SQL: SELECT * FROM `wfx_user_oath`  [ RunTime:0.0010s ]
INFO: [ view_parse ] --START--
INFO: [ template_filter ] --START--
INFO: Run Behavior\ContentReplaceBehavior [ RunTime:0.000000s ]
INFO: [ template_filter ] --END-- [ RunTime:0.000000s ]
INFO: Run Behavior\ParseTemplateBehavior [ RunTime:0.028002s ]
INFO: [ view_parse ] --END-- [ RunTime:0.029002s ]
INFO: [ view_filter ] --START--
INFO: Run Behavior\WriteHtmlCacheBehavior [ RunTime:0.000000s ]
INFO: [ view_filter ] --END-- [ RunTime:0.001000s ]
INFO: [ app_end ] --START--
INFO: Run Behavior\ShowPageTraceBehavior [ RunTime:0.001000s ]
INFO: [ app_end ] --END-- [ RunTime:0.001000s ]

[ 2018-02-10T12:06:22+08:00 ] ::1 /shop/Admin/Shop/order/status/2
INFO: [ app_init ] --START--
INFO: Run Behavior\BuildLiteBehavior [ RunTime:0.000000s ]
INFO: [ app_init ] --END-- [ RunTime:0.003000s ]
INFO: [ app_begin ] --START--
INFO: Run Behavior\ReadHtmlCacheBehavior [ RunTime:0.000000s ]
INFO: [ app_begin ] --END-- [ RunTime:0.000000s ]
SQL: SHOW COLUMNS FROM `wfx_set` [ RunTime:0.0060s ]
SQL: SELECT * FROM `wfx_set` LIMIT 1   [ RunTime:0.0000s ]
SQL: SHOW COLUMNS FROM `wfx_cms_set` [ RunTime:0.0060s ]
SQL: SELECT * FROM `wfx_cms_set` LIMIT 1   [ RunTime:0.0000s ]
SQL: SHOW COLUMNS FROM `wfx_shop_set` [ RunTime:0.0070s ]
SQL: SELECT * FROM `wfx_shop_set` LIMIT 1   [ RunTime:0.0000s ]
SQL: SELECT * FROM `wfx_shop_set` LIMIT 1   [ RunTime:0.0000s ]
SQL: SHOW COLUMNS FROM `wfx_vip_set` [ RunTime:0.0050s ]
SQL: SELECT * FROM `wfx_vip_set` LIMIT 1   [ RunTime:0.0010s ]
INFO: [ view_parse ] --START--
INFO: [ template_filter ] --START--
INFO: Run Behavior\ContentReplaceBehavior [ RunTime:0.001000s ]
INFO: [ template_filter ] --END-- [ RunTime:0.001000s ]
INFO: Run Behavior\ParseTemplateBehavior [ RunTime:0.008000s ]
INFO: [ view_parse ] --END-- [ RunTime:0.008000s ]
INFO: [ view_filter ] --START--
INFO: Run Behavior\WriteHtmlCacheBehavior [ RunTime:0.001000s ]
INFO: [ view_filter ] --END-- [ RunTime:0.001000s ]
SQL: SHOW COLUMNS FROM `wfx_shop_order` [ RunTime:0.0060s ]
NOTIC: [8] Undefined index: p E:\xampp\htdocs\shop\Application\Admin\Controller\ShopController.class.php 第 1099 行.
SQL: SELECT * FROM `wfx_shop_order` WHERE `status` = 2 ORDER BY ctime desc LIMIT 0,20   [ RunTime:0.0010s ]
SQL: SELECT COUNT(*) AS tp_count FROM `wfx_shop_order` WHERE `status` = 2 LIMIT 1   [ RunTime:0.0010s ]
NOTIC: [2] Missing argument 6 for Admin\Controller\BaseController::getPage(), called in E:\xampp\htdocs\shop\Application\Admin\Controller\ShopController.class.php on line 1125 and defined E:\xampp\htdocs\shop\Application\Admin\Controller\BaseController.class.php 第 91 行.
NOTIC: [8] Undefined variable: map E:\xampp\htdocs\shop\Application\Admin\Controller\BaseController.class.php 第 103 行.
INFO: [ view_parse ] --START--
INFO: [ template_filter ] --START--
INFO: Run Behavior\ContentReplaceBehavior [ RunTime:0.000000s ]
INFO: [ template_filter ] --END-- [ RunTime:-0.020001s ]
NOTIC: [8] Undefined variable: timeRanges E:\xampp\htdocs\shop\Application\Runtime\Cache\Admin\1de6446ae7d2b2aec8b988d31334127b.php 第 37 行.
NOTIC: [8] Undefined variable: name E:\xampp\htdocs\shop\Application\Runtime\Cache\Admin\1de6446ae7d2b2aec8b988d31334127b.php 第 42 行.
NOTIC: [8] Undefined variable: oid E:\xampp\htdocs\shop\Application\Runtime\Cache\Admin\1de6446ae7d2b2aec8b988d31334127b.php 第 45 行.
INFO: Run Behavior\ParseTemplateBehavior [ RunTime:0.013001s ]
INFO: [ view_parse ] --END-- [ RunTime:-0.012001s ]
INFO: [ view_filter ] --START--
INFO: Run Behavior\WriteHtmlCacheBehavior [ RunTime:0.000000s ]
INFO: [ view_filter ] --END-- [ RunTime:-0.024002s ]
INFO: [ app_end ] --START--
INFO: Run Behavior\ShowPageTraceBehavior [ RunTime:0.001000s ]
INFO: [ app_end ] --END-- [ RunTime:0.001000s ]

[ 2018-02-10T12:43:01+08:00 ] ::1 /shop/Admin/Shop/order/status/2
INFO: [ app_init ] --START--
INFO: Run Behavior\BuildLiteBehavior [ RunTime:0.000000s ]
INFO: [ app_init ] --END-- [ RunTime:0.001000s ]
INFO: [ app_begin ] --START--
INFO: Run Behavior\ReadHtmlCacheBehavior [ RunTime:0.001000s ]
INFO: [ app_begin ] --END-- [ RunTime:0.001000s ]
SQL: SHOW COLUMNS FROM `wfx_set` [ RunTime:0.0050s ]
SQL: SELECT * FROM `wfx_set` LIMIT 1   [ RunTime:0.0010s ]
SQL: SHOW COLUMNS FROM `wfx_cms_set` [ RunTime:0.0060s ]
SQL: SELECT * FROM `wfx_cms_set` LIMIT 1   [ RunTime:0.0000s ]
SQL: SHOW COLUMNS FROM `wfx_shop_set` [ RunTime:0.0060s ]
SQL: SELECT * FROM `wfx_shop_set` LIMIT 1   [ RunTime:0.0010s ]
SQL: SELECT * FROM `wfx_shop_set` LIMIT 1   [ RunTime:0.0000s ]
SQL: SHOW COLUMNS FROM `wfx_vip_set` [ RunTime:0.0060s ]
SQL: SELECT * FROM `wfx_vip_set` LIMIT 1   [ RunTime:0.0000s ]
INFO: [ view_parse ] --START--
INFO: [ template_filter ] --START--
INFO: Run Behavior\ContentReplaceBehavior [ RunTime:0.000000s ]
INFO: [ template_filter ] --END-- [ RunTime:0.000000s ]
INFO: Run Behavior\ParseTemplateBehavior [ RunTime:0.008001s ]
INFO: [ view_parse ] --END-- [ RunTime:0.008001s ]
INFO: [ view_filter ] --START--
INFO: Run Behavior\WriteHtmlCacheBehavior [ RunTime:0.000000s ]
INFO: [ view_filter ] --END-- [ RunTime:0.000000s ]
SQL: SHOW COLUMNS FROM `wfx_shop_order` [ RunTime:0.0060s ]
NOTIC: [8] Undefined index: p E:\xampp\htdocs\shop\Application\Admin\Controller\ShopController.class.php 第 1099 行.
SQL: SELECT * FROM `wfx_shop_order` WHERE `status` = 2 ORDER BY ctime desc LIMIT 0,20   [ RunTime:0.0010s ]
SQL: SELECT COUNT(*) AS tp_count FROM `wfx_shop_order` WHERE `status` = 2 LIMIT 1   [ RunTime:0.0000s ]
NOTIC: [2] Missing argument 6 for Admin\Controller\BaseController::getPage(), called in E:\xampp\htdocs\shop\Application\Admin\Controller\ShopController.class.php on line 1125 and defined E:\xampp\htdocs\shop\Application\Admin\Controller\BaseController.class.php 第 91 行.
NOTIC: [8] Undefined variable: map E:\xampp\htdocs\shop\Application\Admin\Controller\BaseController.class.php 第 103 行.
INFO: [ view_parse ] --START--
INFO: [ template_filter ] --START--
INFO: Run Behavior\ContentReplaceBehavior [ RunTime:0.000000s ]
INFO: [ template_filter ] --END-- [ RunTime:-0.020001s ]
NOTIC: [8] Undefined variable: timeRanges E:\xampp\htdocs\shop\Application\Runtime\Cache\Admin\1de6446ae7d2b2aec8b988d31334127b.php 第 37 行.
NOTIC: [8] Undefined variable: name E:\xampp\htdocs\shop\Application\Runtime\Cache\Admin\1de6446ae7d2b2aec8b988d31334127b.php 第 42 行.
NOTIC: [8] Undefined variable: oid E:\xampp\htdocs\shop\Application\Runtime\Cache\Admin\1de6446ae7d2b2aec8b988d31334127b.php 第 45 行.
INFO: Run Behavior\ParseTemplateBehavior [ RunTime:0.012001s ]
INFO: [ view_parse ] --END-- [ RunTime:-0.011000s ]
INFO: [ view_filter ] --START--
INFO: Run Behavior\WriteHtmlCacheBehavior [ RunTime:0.000000s ]
INFO: [ view_filter ] --END-- [ RunTime:-0.023001s ]
INFO: [ app_end ] --START--
INFO: Run Behavior\ShowPageTraceBehavior [ RunTime:0.001000s ]
INFO: [ app_end ] --END-- [ RunTime:0.001000s ]

[ 2018-02-10T12:43:06+08:00 ] ::1 /shop/Admin/Shop/orderDeliver
INFO: [ app_init ] --START--
INFO: Run Behavior\BuildLiteBehavior [ RunTime:0.000000s ]
INFO: [ app_init ] --END-- [ RunTime:0.001000s ]
INFO: [ app_begin ] --START--
INFO: Run Behavior\ReadHtmlCacheBehavior [ RunTime:0.001001s ]
INFO: [ app_begin ] --END-- [ RunTime:0.001001s ]
SQL: SHOW COLUMNS FROM `wfx_set` [ RunTime:0.0050s ]
SQL: SELECT * FROM `wfx_set` LIMIT 1   [ RunTime:0.0000s ]
SQL: SHOW COLUMNS FROM `wfx_cms_set` [ RunTime:0.0050s ]
SQL: SELECT * FROM `wfx_cms_set` LIMIT 1   [ RunTime:0.0010s ]
SQL: SHOW COLUMNS FROM `wfx_shop_set` [ RunTime:0.0050s ]
SQL: SELECT * FROM `wfx_shop_set` LIMIT 1   [ RunTime:0.0000s ]
SQL: SELECT * FROM `wfx_shop_set` LIMIT 1   [ RunTime:0.0000s ]
SQL: SHOW COLUMNS FROM `wfx_vip_set` [ RunTime:0.0060s ]
SQL: SELECT * FROM `wfx_vip_set` LIMIT 1   [ RunTime:0.0000s ]
SQL: SHOW COLUMNS FROM `wfx_shop_order` [ RunTime:0.0060s ]
SQL: UPDATE `wfx_shop_order` SET `status`='3' WHERE ( id=216 ) [ RunTime:0.0890s ]
SQL: SHOW COLUMNS FROM `wfx_shop_order_log` [ RunTime:0.0050s ]
SQL: SHOW COLUMNS FROM `wfx_shop_order_syslog` [ RunTime:0.0050s ]
SQL: INSERT INTO `wfx_shop_order_log` (`oid`,`msg`,`ctime`) VALUES ('216','订单已发货','1518237785') [ RunTime:0.0830s ]
NOTIC: [8] Undefined variable: cache E:\xampp\htdocs\shop\Application\Admin\Controller\ShopController.class.php 第 1416 行.
SQL: INSERT INTO `wfx_shop_order_syslog` (`oid`,`msg`,`ctime`,`type`,`paytype`) VALUES ('216','订单已发货','1518237785','3',NULL) [ RunTime:0.1270s ]
SQL: SELECT * FROM `wfx_shop_order` WHERE ( id=216 ) LIMIT 1   [ RunTime:0.0000s ]
SQL: SHOW COLUMNS FROM `wfx_vip` [ RunTime:0.0050s ]
SQL: SELECT * FROM `wfx_vip` WHERE `id` = 122 LIMIT 1   [ RunTime:0.0000s ]
SQL: SHOW COLUMNS FROM `wfx_wx_template` [ RunTime:0.0060s ]
SQL: SELECT * FROM `wfx_wx_template` WHERE `templateidshort` = 'OPENTM201541214' LIMIT 1   [ RunTime:0.0000s ]

[ 2018-02-10T12:43:06+08:00 ] ::1 /shop/Admin/Index/index
INFO: [ app_init ] --START--
INFO: Run Behavior\BuildLiteBehavior [ RunTime:0.000000s ]
INFO: [ app_init ] --END-- [ RunTime:0.001000s ]
INFO: [ app_begin ] --START--
INFO: Run Behavior\ReadHtmlCacheBehavior [ RunTime:0.001000s ]
INFO: [ app_begin ] --END-- [ RunTime:0.001000s ]
SQL: SHOW COLUMNS FROM `wfx_set` [ RunTime:0.0060s ]
SQL: SELECT * FROM `wfx_set` LIMIT 1   [ RunTime:0.0000s ]
SQL: SHOW COLUMNS FROM `wfx_cms_set` [ RunTime:0.0070s ]
SQL: SELECT * FROM `wfx_cms_set` LIMIT 1   [ RunTime:0.0000s ]
SQL: SHOW COLUMNS FROM `wfx_shop_set` [ RunTime:0.0060s ]
SQL: SELECT * FROM `wfx_shop_set` LIMIT 1   [ RunTime:0.0000s ]
SQL: SHOW COLUMNS FROM `wfx_user_oath` [ RunTime:0.0040s ]
SQL: SELECT * FROM `wfx_user_oath`  [ RunTime:0.0130s ]
INFO: [ view_parse ] --START--
INFO: [ template_filter ] --START--
INFO: Run Behavior\ContentReplaceBehavior [ RunTime:0.001000s ]
INFO: [ template_filter ] --END-- [ RunTime:0.001000s ]
INFO: Run Behavior\ParseTemplateBehavior [ RunTime:0.029001s ]
INFO: [ view_parse ] --END-- [ RunTime:0.029001s ]
INFO: [ view_filter ] --START--
INFO: Run Behavior\WriteHtmlCacheBehavior [ RunTime:0.000000s ]
INFO: [ view_filter ] --END-- [ RunTime:0.000000s ]
INFO: [ app_end ] --START--
INFO: Run Behavior\ShowPageTraceBehavior [ RunTime:0.001000s ]
INFO: [ app_end ] --END-- [ RunTime:0.001000s ]

[ 2018-02-10T12:43:06+08:00 ] ::1 /shop/Admin/Shop/order/status/2
INFO: [ app_init ] --START--
INFO: Run Behavior\BuildLiteBehavior [ RunTime:0.000000s ]
INFO: [ app_init ] --END-- [ RunTime:0.001000s ]
INFO: [ app_begin ] --START--
INFO: Run Behavior\ReadHtmlCacheBehavior [ RunTime:0.001000s ]
INFO: [ app_begin ] --END-- [ RunTime:0.001000s ]
SQL: SHOW COLUMNS FROM `wfx_set` [ RunTime:0.0070s ]
SQL: SELECT * FROM `wfx_set` LIMIT 1   [ RunTime:0.0010s ]
SQL: SHOW COLUMNS FROM `wfx_cms_set` [ RunTime:0.0050s ]
SQL: SELECT * FROM `wfx_cms_set` LIMIT 1   [ RunTime:0.0000s ]
SQL: SHOW COLUMNS FROM `wfx_shop_set` [ RunTime:0.0050s ]
SQL: SELECT * FROM `wfx_shop_set` LIMIT 1   [ RunTime:0.0010s ]
SQL: SELECT * FROM `wfx_shop_set` LIMIT 1   [ RunTime:0.0000s ]
SQL: SHOW COLUMNS FROM `wfx_vip_set` [ RunTime:0.0070s ]
SQL: SELECT * FROM `wfx_vip_set` LIMIT 1   [ RunTime:0.0000s ]
INFO: [ view_parse ] --START--
INFO: [ template_filter ] --START--
INFO: Run Behavior\ContentReplaceBehavior [ RunTime:0.000000s ]
INFO: [ template_filter ] --END-- [ RunTime:0.000000s ]
INFO: Run Behavior\ParseTemplateBehavior [ RunTime:0.008001s ]
INFO: [ view_parse ] --END-- [ RunTime:0.008001s ]
INFO: [ view_filter ] --START--
INFO: Run Behavior\WriteHtmlCacheBehavior [ RunTime:0.001000s ]
INFO: [ view_filter ] --END-- [ RunTime:0.001000s ]
SQL: SHOW COLUMNS FROM `wfx_shop_order` [ RunTime:0.0060s ]
NOTIC: [8] Undefined index: p E:\xampp\htdocs\shop\Application\Admin\Controller\ShopController.class.php 第 1099 行.
SQL: SELECT * FROM `wfx_shop_order` WHERE `status` = 2 ORDER BY ctime desc LIMIT 0,20   [ RunTime:0.0010s ]
SQL: SELECT COUNT(*) AS tp_count FROM `wfx_shop_order` WHERE `status` = 2 LIMIT 1   [ RunTime:0.0000s ]
NOTIC: [2] Missing argument 6 for Admin\Controller\BaseController::getPage(), called in E:\xampp\htdocs\shop\Application\Admin\Controller\ShopController.class.php on line 1125 and defined E:\xampp\htdocs\shop\Application\Admin\Controller\BaseController.class.php 第 91 行.
NOTIC: [8] Undefined variable: map E:\xampp\htdocs\shop\Application\Admin\Controller\BaseController.class.php 第 103 行.
INFO: [ view_parse ] --START--
INFO: [ template_filter ] --START--
INFO: Run Behavior\ContentReplaceBehavior [ RunTime:0.000000s ]
INFO: [ template_filter ] --END-- [ RunTime:-0.021002s ]
NOTIC: [8] Undefined variable: timeRanges E:\xampp\htdocs\shop\Application\Runtime\Cache\Admin\1de6446ae7d2b2aec8b988d31334127b.php 第 37 行.
NOTIC: [8] Undefined variable: name E:\xampp\htdocs\shop\Application\Runtime\Cache\Admin\1de6446ae7d2b2aec8b988d31334127b.php 第 42 行.
NOTIC: [8] Undefined variable: oid E:\xampp\htdocs\shop\Application\Runtime\Cache\Admin\1de6446ae7d2b2aec8b988d31334127b.php 第 45 行.
INFO: Run Behavior\ParseTemplateBehavior [ RunTime:0.013001s ]
INFO: [ view_parse ] --END-- [ RunTime:-0.011000s ]
INFO: [ view_filter ] --START--
INFO: Run Behavior\WriteHtmlCacheBehavior [ RunTime:0.000000s ]
INFO: [ view_filter ] --END-- [ RunTime:-0.023001s ]
INFO: [ app_end ] --START--
INFO: Run Behavior\ShowPageTraceBehavior [ RunTime:0.000000s ]
INFO: [ app_end ] --END-- [ RunTime:0.000000s ]

[ 2018-02-10T16:57:50+08:00 ] ::1 /shop/Admin/Vip/set
INFO: [ app_init ] --START--
INFO: Run Behavior\BuildLiteBehavior [ RunTime:0.000000s ]
INFO: [ app_init ] --END-- [ RunTime:0.001000s ]
INFO: [ app_begin ] --START--
INFO: Run Behavior\ReadHtmlCacheBehavior [ RunTime:0.001000s ]
INFO: [ app_begin ] --END-- [ RunTime:0.001000s ]
SQL: SHOW COLUMNS FROM `wfx_set` [ RunTime:0.0060s ]
SQL: SELECT * FROM `wfx_set` LIMIT 1   [ RunTime:0.0000s ]
SQL: SHOW COLUMNS FROM `wfx_cms_set` [ RunTime:0.0060s ]
SQL: SELECT * FROM `wfx_cms_set` LIMIT 1   [ RunTime:0.0000s ]
SQL: SHOW COLUMNS FROM `wfx_shop_set` [ RunTime:0.0070s ]
SQL: SELECT * FROM `wfx_shop_set` LIMIT 1   [ RunTime:0.0010s ]
SQL: SHOW COLUMNS FROM `wfx_vip_set` [ RunTime:0.0070s ]
SQL: SELECT * FROM `wfx_vip_set` LIMIT 1   [ RunTime:0.0010s ]
INFO: [ view_parse ] --START--
INFO: [ template_filter ] --START--
INFO: Run Behavior\ContentReplaceBehavior [ RunTime:0.000000s ]
INFO: [ template_filter ] --END-- [ RunTime:0.000000s ]
INFO: Run Behavior\ParseTemplateBehavior [ RunTime:0.008000s ]
INFO: [ view_parse ] --END-- [ RunTime:0.008000s ]
INFO: [ view_filter ] --START--
INFO: Run Behavior\WriteHtmlCacheBehavior [ RunTime:0.001000s ]
INFO: [ view_filter ] --END-- [ RunTime:0.001000s ]
SQL: SELECT * FROM `wfx_vip_set` LIMIT 1   [ RunTime:0.0000s ]
INFO: [ view_parse ] --START--
INFO: [ template_filter ] --START--
INFO: Run Behavior\ContentReplaceBehavior [ RunTime:0.000000s ]
INFO: [ template_filter ] --END-- [ RunTime:-0.008001s ]
INFO: Run Behavior\ParseTemplateBehavior [ RunTime:0.008001s ]
INFO: [ view_parse ] --END-- [ RunTime:-0.001000s ]
INFO: [ view_filter ] --START--
INFO: Run Behavior\WriteHtmlCacheBehavior [ RunTime:0.000000s ]
INFO: [ view_filter ] --END-- [ RunTime:-0.008001s ]
INFO: [ app_end ] --START--
INFO: Run Behavior\ShowPageTraceBehavior [ RunTime:0.001000s ]
INFO: [ app_end ] --END-- [ RunTime:0.001000s ]

